<?xml version="1.0" encoding="UTF-8"?>
<testsuite name="phemeservice.Task3A" tests="2" skipped="0" failures="2" errors="0" timestamp="2022-12-09T04:49:59" hostname="ghazals-MacBook-Air.local" time="0.543">
  <properties/>
  <testcase name="testFetchRecentTweets()" classname="phemeservice.Task3A" time="0.335">
    <failure message="java.lang.StackOverflowError" type="java.lang.StackOverflowError">java.lang.StackOverflowError
	at com.fasterxml.jackson.core.json.UTF8StreamJsonParser.parseMediumName2(UTF8StreamJsonParser.java:1930)
	at com.fasterxml.jackson.core.json.UTF8StreamJsonParser.parseMediumName(UTF8StreamJsonParser.java:1889)
	at com.fasterxml.jackson.core.json.UTF8StreamJsonParser._parseName(UTF8StreamJsonParser.java:1824)
	at com.fasterxml.jackson.core.json.UTF8StreamJsonParser.nextFieldName(UTF8StreamJsonParser.java:1080)
	at com.fasterxml.jackson.databind.deser.BeanDeserializer.vanillaDeserialize(BeanDeserializer.java:321)
	at com.fasterxml.jackson.databind.deser.BeanDeserializer.deserialize(BeanDeserializer.java:177)
	at com.fasterxml.jackson.databind.deser.DefaultDeserializationContext.readRootValue(DefaultDeserializationContext.java:323)
	at com.fasterxml.jackson.databind.ObjectMapper._readMapAndClose(ObjectMapper.java:4730)
	at com.fasterxml.jackson.databind.ObjectMapper.readValue(ObjectMapper.java:3542)
	at io.github.redouane59.twitter.TwitterClient.getAuthentication(TwitterClient.java:212)
	at twitter.TwitterListener.&lt;init&gt;(TwitterListener.java:38)
	at twitter.TwitterListener.&lt;init&gt;(TwitterListener.java:39)
	at twitter.TwitterListener.&lt;init&gt;(TwitterListener.java:39)
	at twitter.TwitterListener.&lt;init&gt;(TwitterListener.java:39)
	at twitter.TwitterListener.&lt;init&gt;(TwitterListener.java:39)
	at twitter.TwitterListener.&lt;init&gt;(TwitterListener.java:39)
	at twitter.TwitterListener.&lt;init&gt;(TwitterListener.java:39)
	at twitter.TwitterListener.&lt;init&gt;(TwitterListener.java:39)
	at twitter.TwitterListener.&lt;init&gt;(TwitterListener.java:39)
	at twitter.TwitterListener.&lt;init&gt;(TwitterListener.java:39)
	at twitter.TwitterListener.&lt;init&gt;(TwitterListener.java:39)
	at twitter.TwitterListener.&lt;init&gt;(TwitterListener.java:39)
	at twitter.TwitterListener.&lt;init&gt;(TwitterListener.java:39)
	at twitter.TwitterListener.&lt;init&gt;(TwitterListener.java:39)
	at twitter.TwitterListener.&lt;init&gt;(TwitterListener.java:39)
	at twitter.TwitterListener.&lt;init&gt;(TwitterListener.java:39)
	at twitter.TwitterListener.&lt;init&gt;(TwitterListener.java:39)
	at twitter.TwitterListener.&lt;init&gt;(TwitterListener.java:39)
	at twitter.TwitterListener.&lt;init&gt;(TwitterListener.java:39)
	at twitter.TwitterListener.&lt;init&gt;(TwitterListener.java:39)
	at twitter.TwitterListener.&lt;init&gt;(TwitterListener.java:39)
	at twitter.TwitterListener.&lt;init&gt;(TwitterListener.java:39)
	at twitter.TwitterListener.&lt;init&gt;(TwitterListener.java:39)
	at twitter.TwitterListener.&lt;init&gt;(TwitterListener.java:39)
	at twitter.TwitterListener.&lt;init&gt;(TwitterListener.java:39)
	at twitter.TwitterListener.&lt;init&gt;(TwitterListener.java:39)
	at twitter.TwitterListener.&lt;init&gt;(TwitterListener.java:39)
	at twitter.TwitterListener.&lt;init&gt;(TwitterListener.java:39)
	at twitter.TwitterListener.&lt;init&gt;(TwitterListener.java:39)
	at twitter.TwitterListener.&lt;init&gt;(TwitterListener.java:39)
	at twitter.TwitterListener.&lt;init&gt;(TwitterListener.java:39)
	at twitter.TwitterListener.&lt;init&gt;(TwitterListener.java:39)
	at twitter.TwitterListener.&lt;init&gt;(TwitterListener.java:39)
	at twitter.TwitterListener.&lt;init&gt;(TwitterListener.java:39)
	at twitter.TwitterListener.&lt;init&gt;(TwitterListener.java:39)
	at twitter.TwitterListener.&lt;init&gt;(TwitterListener.java:39)
	at twitter.TwitterListener.&lt;init&gt;(TwitterListener.java:39)
	at twitter.TwitterListener.&lt;init&gt;(TwitterListener.java:39)
	at twitter.TwitterListener.&lt;init&gt;(TwitterListener.java:39)
	at twitter.TwitterListener.&lt;init&gt;(TwitterListener.java:39)
	at twitter.TwitterListener.&lt;init&gt;(TwitterListener.java:39)
	at twitter.TwitterListener.&lt;init&gt;(TwitterListener.java:39)
	at twitter.TwitterListener.&lt;init&gt;(TwitterListener.java:39)
	at twitter.TwitterListener.&lt;init&gt;(TwitterListener.java:39)
	at twitter.TwitterListener.&lt;init&gt;(TwitterListener.java:39)
	at twitter.TwitterListener.&lt;init&gt;(TwitterListener.java:39)
	at twitter.TwitterListener.&lt;init&gt;(TwitterListener.java:39)
	at twitter.TwitterListener.&lt;init&gt;(TwitterListener.java:39)
	at twitter.TwitterListener.&lt;init&gt;(TwitterListener.java:39)
	at twitter.TwitterListener.&lt;init&gt;(TwitterListener.java:39)
	at twitter.TwitterListener.&lt;init&gt;(TwitterListener.java:39)
	at twitter.TwitterListener.&lt;init&gt;(TwitterListener.java:39)
	at twitter.TwitterListener.&lt;init&gt;(TwitterListener.java:39)
	at twitter.TwitterListener.&lt;init&gt;(TwitterListener.java:39)
	at twitter.TwitterListener.&lt;init&gt;(TwitterListener.java:39)
	at twitter.TwitterListener.&lt;init&gt;(TwitterListener.java:39)
	at twitter.TwitterListener.&lt;init&gt;(TwitterListener.java:39)
	at twitter.TwitterListener.&lt;init&gt;(TwitterListener.java:39)
	at twitter.TwitterListener.&lt;init&gt;(TwitterListener.java:39)
	at twitter.TwitterListener.&lt;init&gt;(TwitterListener.java:39)
	at twitter.TwitterListener.&lt;init&gt;(TwitterListener.java:39)
	at twitter.TwitterListener.&lt;init&gt;(TwitterListener.java:39)
	at twitter.TwitterListener.&lt;init&gt;(TwitterListener.java:39)
	at twitter.TwitterListener.&lt;init&gt;(TwitterListener.java:39)
	at twitter.TwitterListener.&lt;init&gt;(TwitterListener.java:39)
	at twitter.TwitterListener.&lt;init&gt;(TwitterListener.java:39)
	at twitter.TwitterListener.&lt;init&gt;(TwitterListener.java:39)
	at twitter.TwitterListener.&lt;init&gt;(TwitterListener.java:39)
	at twitter.TwitterListener.&lt;init&gt;(TwitterListener.java:39)
	at twitter.TwitterListener.&lt;init&gt;(TwitterListener.java:39)
	at twitter.TwitterListener.&lt;init&gt;(TwitterListener.java:39)
	at twitter.TwitterListener.&lt;init&gt;(TwitterListener.java:39)
	at twitter.TwitterListener.&lt;init&gt;(TwitterListener.java:39)
	at twitter.TwitterListener.&lt;init&gt;(TwitterListener.java:39)
	at twitter.TwitterListener.&lt;init&gt;(TwitterListener.java:39)
	at twitter.TwitterListener.&lt;init&gt;(TwitterListener.java:39)
	at twitter.TwitterListener.&lt;init&gt;(TwitterListener.java:39)
	at twitter.TwitterListener.&lt;init&gt;(TwitterListener.java:39)
	at twitter.TwitterListener.&lt;init&gt;(TwitterListener.java:39)
	at twitter.TwitterListener.&lt;init&gt;(TwitterListener.java:39)
	at twitter.TwitterListener.&lt;init&gt;(TwitterListener.java:39)
	at twitter.TwitterListener.&lt;init&gt;(TwitterListener.java:39)
	at twitter.TwitterListener.&lt;init&gt;(TwitterListener.java:39)
	at twitter.TwitterListener.&lt;init&gt;(TwitterListener.java:39)
	at twitter.TwitterListener.&lt;init&gt;(TwitterListener.java:39)
	at twitter.TwitterListener.&lt;init&gt;(TwitterListener.java:39)
	at twitter.TwitterListener.&lt;init&gt;(TwitterListener.java:39)
	at twitter.TwitterListener.&lt;init&gt;(TwitterListener.java:39)
	at twitter.TwitterListener.&lt;init&gt;(TwitterListener.java:39)
	at twitter.TwitterListener.&lt;init&gt;(TwitterListener.java:39)
	at twitter.TwitterListener.&lt;init&gt;(TwitterListener.java:39)
	at twitter.TwitterListener.&lt;init&gt;(TwitterListener.java:39)
	at twitter.TwitterListener.&lt;init&gt;(TwitterListener.java:39)
	at twitter.TwitterListener.&lt;init&gt;(TwitterListener.java:39)
	at twitter.TwitterListener.&lt;init&gt;(TwitterListener.java:39)
	at twitter.TwitterListener.&lt;init&gt;(TwitterListener.java:39)
	at twitter.TwitterListener.&lt;init&gt;(TwitterListener.java:39)
	at twitter.TwitterListener.&lt;init&gt;(TwitterListener.java:39)
	at twitter.TwitterListener.&lt;init&gt;(TwitterListener.java:39)
	at twitter.TwitterListener.&lt;init&gt;(TwitterListener.java:39)
	at twitter.TwitterListener.&lt;init&gt;(TwitterListener.java:39)
	at twitter.TwitterListener.&lt;init&gt;(TwitterListener.java:39)
	at twitter.TwitterListener.&lt;init&gt;(TwitterListener.java:39)
	at twitter.TwitterListener.&lt;init&gt;(TwitterListener.java:39)
	at twitter.TwitterListener.&lt;init&gt;(TwitterListener.java:39)
	at twitter.TwitterListener.&lt;init&gt;(TwitterListener.java:39)
	at twitter.TwitterListener.&lt;init&gt;(TwitterListener.java:39)
	at twitter.TwitterListener.&lt;init&gt;(TwitterListener.java:39)
	at twitter.TwitterListener.&lt;init&gt;(TwitterListener.java:39)
	at twitter.TwitterListener.&lt;init&gt;(TwitterListener.java:39)
	at twitter.TwitterListener.&lt;init&gt;(TwitterListener.java:39)
	at twitter.TwitterListener.&lt;init&gt;(TwitterListener.java:39)
	at twitter.TwitterListener.&lt;init&gt;(TwitterListener.java:39)
	at twitter.TwitterListener.&lt;init&gt;(TwitterListener.java:39)
	at twitter.TwitterListener.&lt;init&gt;(TwitterListener.java:39)
	at twitter.TwitterListener.&lt;init&gt;(TwitterListener.java:39)
	at twitter.TwitterListener.&lt;init&gt;(TwitterListener.java:39)
	at twitter.TwitterListener.&lt;init&gt;(TwitterListener.java:39)
	at twitter.TwitterListener.&lt;init&gt;(TwitterListener.java:39)
	at twitter.TwitterListener.&lt;init&gt;(TwitterListener.java:39)
	at twitter.TwitterListener.&lt;init&gt;(TwitterListener.java:39)
	at twitter.TwitterListener.&lt;init&gt;(TwitterListener.java:39)
	at twitter.TwitterListener.&lt;init&gt;(TwitterListener.java:39)
	at twitter.TwitterListener.&lt;init&gt;(TwitterListener.java:39)
	at twitter.TwitterListener.&lt;init&gt;(TwitterListener.java:39)
	at twitter.TwitterListener.&lt;init&gt;(TwitterListener.java:39)
	at twitter.TwitterListener.&lt;init&gt;(TwitterListener.java:39)
	at twitter.TwitterListener.&lt;init&gt;(TwitterListener.java:39)
	at twitter.TwitterListener.&lt;init&gt;(TwitterListener.java:39)
	at twitter.TwitterListener.&lt;init&gt;(TwitterListener.java:39)
	at twitter.TwitterListener.&lt;init&gt;(TwitterListener.java:39)
	at twitter.TwitterListener.&lt;init&gt;(TwitterListener.java:39)
	at twitter.TwitterListener.&lt;init&gt;(TwitterListener.java:39)
	at twitter.TwitterListener.&lt;init&gt;(TwitterListener.java:39)
	at twitter.TwitterListener.&lt;init&gt;(TwitterListener.java:39)
	at twitter.TwitterListener.&lt;init&gt;(TwitterListener.java:39)
	at twitter.TwitterListener.&lt;init&gt;(TwitterListener.java:39)
	at twitter.TwitterListener.&lt;init&gt;(TwitterListener.java:39)
	at twitter.TwitterListener.&lt;init&gt;(TwitterListener.java:39)
	at twitter.TwitterListener.&lt;init&gt;(TwitterListener.java:39)
	at twitter.TwitterListener.&lt;init&gt;(TwitterListener.java:39)
	at twitter.TwitterListener.&lt;init&gt;(TwitterListener.java:39)
	at twitter.TwitterListener.&lt;init&gt;(TwitterListener.java:39)
	at twitter.TwitterListener.&lt;init&gt;(TwitterListener.java:39)
	at twitter.TwitterListener.&lt;init&gt;(TwitterListener.java:39)
	at twitter.TwitterListener.&lt;init&gt;(TwitterListener.java:39)
	at twitter.TwitterListener.&lt;init&gt;(TwitterListener.java:39)
	at twitter.TwitterListener.&lt;init&gt;(TwitterListener.java:39)
	at twitter.TwitterListener.&lt;init&gt;(TwitterListener.java:39)
	at twitter.TwitterListener.&lt;init&gt;(TwitterListener.java:39)
	at twitter.TwitterListener.&lt;init&gt;(TwitterListener.java:39)
	at twitter.TwitterListener.&lt;init&gt;(TwitterListener.java:39)
	at twitter.TwitterListener.&lt;init&gt;(TwitterListener.java:39)
	at twitter.TwitterListener.&lt;init&gt;(TwitterListener.java:39)
	at twitter.TwitterListener.&lt;init&gt;(TwitterListener.java:39)
	at twitter.TwitterListener.&lt;init&gt;(TwitterListener.java:39)
	at twitter.TwitterListener.&lt;init&gt;(TwitterListener.java:39)
	at twitter.TwitterListener.&lt;init&gt;(TwitterListener.java:39)
	at twitter.TwitterListener.&lt;init&gt;(TwitterListener.java:39)
	at twitter.TwitterListener.&lt;init&gt;(TwitterListener.java:39)
	at twitter.TwitterListener.&lt;init&gt;(TwitterListener.java:39)
	at twitter.TwitterListener.&lt;init&gt;(TwitterListener.java:39)
	at twitter.TwitterListener.&lt;init&gt;(TwitterListener.java:39)
	at twitter.TwitterListener.&lt;init&gt;(TwitterListener.java:39)
	at twitter.TwitterListener.&lt;init&gt;(TwitterListener.java:39)
	at twitter.TwitterListener.&lt;init&gt;(TwitterListener.java:39)
	at twitter.TwitterListener.&lt;init&gt;(TwitterListener.java:39)
	at twitter.TwitterListener.&lt;init&gt;(TwitterListener.java:39)
	at twitter.TwitterListener.&lt;init&gt;(TwitterListener.java:39)
	at twitter.TwitterListener.&lt;init&gt;(TwitterListener.java:39)
	at twitter.TwitterListener.&lt;init&gt;(TwitterListener.java:39)
	at twitter.TwitterListener.&lt;init&gt;(TwitterListener.java:39)
	at twitter.TwitterListener.&lt;init&gt;(TwitterListener.java:39)
	at twitter.TwitterListener.&lt;init&gt;(TwitterListener.java:39)
	at twitter.TwitterListener.&lt;init&gt;(TwitterListener.java:39)
	at twitter.TwitterListener.&lt;init&gt;(TwitterListener.java:39)
	at twitter.TwitterListener.&lt;init&gt;(TwitterListener.java:39)
	at twitter.TwitterListener.&lt;init&gt;(TwitterListener.java:39)
	at twitter.TwitterListener.&lt;init&gt;(TwitterListener.java:39)
	at twitter.TwitterListener.&lt;init&gt;(TwitterListener.java:39)
	at twitter.TwitterListener.&lt;init&gt;(TwitterListener.java:39)
	at twitter.TwitterListener.&lt;init&gt;(TwitterListener.java:39)
	at twitter.TwitterListener.&lt;init&gt;(TwitterListener.java:39)
	at twitter.TwitterListener.&lt;init&gt;(TwitterListener.java:39)
	at twitter.TwitterListener.&lt;init&gt;(TwitterListener.java:39)
	at twitter.TwitterListener.&lt;init&gt;(TwitterListener.java:39)
	at twitter.TwitterListener.&lt;init&gt;(TwitterListener.java:39)
	at twitter.TwitterListener.&lt;init&gt;(TwitterListener.java:39)
	at twitter.TwitterListener.&lt;init&gt;(TwitterListener.java:39)
	at twitter.TwitterListener.&lt;init&gt;(TwitterListener.java:39)
	at twitter.TwitterListener.&lt;init&gt;(TwitterListener.java:39)
	at twitter.TwitterListener.&lt;init&gt;(TwitterListener.java:39)
	at twitter.TwitterListener.&lt;init&gt;(TwitterListener.java:39)
	at twitter.TwitterListener.&lt;init&gt;(TwitterListener.java:39)
	at twitter.TwitterListener.&lt;init&gt;(TwitterListener.java:39)
	at twitter.TwitterListener.&lt;init&gt;(TwitterListener.java:39)
	at twitter.TwitterListener.&lt;init&gt;(TwitterListener.java:39)
	at twitter.TwitterListener.&lt;init&gt;(TwitterListener.java:39)
	at twitter.TwitterListener.&lt;init&gt;(TwitterListener.java:39)
	at twitter.TwitterListener.&lt;init&gt;(TwitterListener.java:39)
	at twitter.TwitterListener.&lt;init&gt;(TwitterListener.java:39)
	at twitter.TwitterListener.&lt;init&gt;(TwitterListener.java:39)
	at twitter.TwitterListener.&lt;init&gt;(TwitterListener.java:39)
	at twitter.TwitterListener.&lt;init&gt;(TwitterListener.java:39)
	at twitter.TwitterListener.&lt;init&gt;(TwitterListener.java:39)
	at twitter.TwitterListener.&lt;init&gt;(TwitterListener.java:39)
	at twitter.TwitterListener.&lt;init&gt;(TwitterListener.java:39)
	at twitter.TwitterListener.&lt;init&gt;(TwitterListener.java:39)
	at twitter.TwitterListener.&lt;init&gt;(TwitterListener.java:39)
	at twitter.TwitterListener.&lt;init&gt;(TwitterListener.java:39)
	at twitter.TwitterListener.&lt;init&gt;(TwitterListener.java:39)
	at twitter.TwitterListener.&lt;init&gt;(TwitterListener.java:39)
	at twitter.TwitterListener.&lt;init&gt;(TwitterListener.java:39)
	at twitter.TwitterListener.&lt;init&gt;(TwitterListener.java:39)
	at twitter.TwitterListener.&lt;init&gt;(TwitterListener.java:39)
	at twitter.TwitterListener.&lt;init&gt;(TwitterListener.java:39)
	at twitter.TwitterListener.&lt;init&gt;(TwitterListener.java:39)
	at twitter.TwitterListener.&lt;init&gt;(TwitterListener.java:39)
	at twitter.TwitterListener.&lt;init&gt;(TwitterListener.java:39)
	at twitter.TwitterListener.&lt;init&gt;(TwitterListener.java:39)
	at twitter.TwitterListener.&lt;init&gt;(TwitterListener.java:39)
	at twitter.TwitterListener.&lt;init&gt;(TwitterListener.java:39)
	at twitter.TwitterListener.&lt;init&gt;(TwitterListener.java:39)
	at twitter.TwitterListener.&lt;init&gt;(TwitterListener.java:39)
	at twitter.TwitterListener.&lt;init&gt;(TwitterListener.java:39)
	at twitter.TwitterListener.&lt;init&gt;(TwitterListener.java:39)
	at twitter.TwitterListener.&lt;init&gt;(TwitterListener.java:39)
	at twitter.TwitterListener.&lt;init&gt;(TwitterListener.java:39)
	at twitter.TwitterListener.&lt;init&gt;(TwitterListener.java:39)
	at twitter.TwitterListener.&lt;init&gt;(TwitterListener.java:39)
	at twitter.TwitterListener.&lt;init&gt;(TwitterListener.java:39)
	at twitter.TwitterListener.&lt;init&gt;(TwitterListener.java:39)
	at twitter.TwitterListener.&lt;init&gt;(TwitterListener.java:39)
	at twitter.TwitterListener.&lt;init&gt;(TwitterListener.java:39)
	at twitter.TwitterListener.&lt;init&gt;(TwitterListener.java:39)
	at twitter.TwitterListener.&lt;init&gt;(TwitterListener.java:39)
	at twitter.TwitterListener.&lt;init&gt;(TwitterListener.java:39)
	at twitter.TwitterListener.&lt;init&gt;(TwitterListener.java:39)
	at twitter.TwitterListener.&lt;init&gt;(TwitterListener.java:39)
	at twitter.TwitterListener.&lt;init&gt;(TwitterListener.java:39)
	at twitter.TwitterListener.&lt;init&gt;(TwitterListener.java:39)
	at twitter.TwitterListener.&lt;init&gt;(TwitterListener.java:39)
	at twitter.TwitterListener.&lt;init&gt;(TwitterListener.java:39)
	at twitter.TwitterListener.&lt;init&gt;(TwitterListener.java:39)
	at twitter.TwitterListener.&lt;init&gt;(TwitterListener.java:39)
	at twitter.TwitterListener.&lt;init&gt;(TwitterListener.java:39)
	at twitter.TwitterListener.&lt;init&gt;(TwitterListener.java:39)
	at twitter.TwitterListener.&lt;init&gt;(TwitterListener.java:39)
	at twitter.TwitterListener.&lt;init&gt;(TwitterListener.java:39)
	at twitter.TwitterListener.&lt;init&gt;(TwitterListener.java:39)
	at twitter.TwitterListener.&lt;init&gt;(TwitterListener.java:39)
	at twitter.TwitterListener.&lt;init&gt;(TwitterListener.java:39)
	at twitter.TwitterListener.&lt;init&gt;(TwitterListener.java:39)
	at twitter.TwitterListener.&lt;init&gt;(TwitterListener.java:39)
	at twitter.TwitterListener.&lt;init&gt;(TwitterListener.java:39)
	at twitter.TwitterListener.&lt;init&gt;(TwitterListener.java:39)
	at twitter.TwitterListener.&lt;init&gt;(TwitterListener.java:39)
	at twitter.TwitterListener.&lt;init&gt;(TwitterListener.java:39)
	at twitter.TwitterListener.&lt;init&gt;(TwitterListener.java:39)
	at twitter.TwitterListener.&lt;init&gt;(TwitterListener.java:39)
	at twitter.TwitterListener.&lt;init&gt;(TwitterListener.java:39)
	at twitter.TwitterListener.&lt;init&gt;(TwitterListener.java:39)
	at twitter.TwitterListener.&lt;init&gt;(TwitterListener.java:39)
	at twitter.TwitterListener.&lt;init&gt;(TwitterListener.java:39)
	at twitter.TwitterListener.&lt;init&gt;(TwitterListener.java:39)
	at twitter.TwitterListener.&lt;init&gt;(TwitterListener.java:39)
	at twitter.TwitterListener.&lt;init&gt;(TwitterListener.java:39)
	at twitter.TwitterListener.&lt;init&gt;(TwitterListener.java:39)
	at twitter.TwitterListener.&lt;init&gt;(TwitterListener.java:39)
	at twitter.TwitterListener.&lt;init&gt;(TwitterListener.java:39)
	at twitter.TwitterListener.&lt;init&gt;(TwitterListener.java:39)
	at twitter.TwitterListener.&lt;init&gt;(TwitterListener.java:39)
	at twitter.TwitterListener.&lt;init&gt;(TwitterListener.java:39)
	at twitter.TwitterListener.&lt;init&gt;(TwitterListener.java:39)
	at twitter.TwitterListener.&lt;init&gt;(TwitterListener.java:39)
	at twitter.TwitterListener.&lt;init&gt;(TwitterListener.java:39)
	at twitter.TwitterListener.&lt;init&gt;(TwitterListener.java:39)
	at twitter.TwitterListener.&lt;init&gt;(TwitterListener.java:39)
	at twitter.TwitterListener.&lt;init&gt;(TwitterListener.java:39)
	at twitter.TwitterListener.&lt;init&gt;(TwitterListener.java:39)
	at twitter.TwitterListener.&lt;init&gt;(TwitterListener.java:39)
	at twitter.TwitterListener.&lt;init&gt;(TwitterListener.java:39)
	at twitter.TwitterListener.&lt;init&gt;(TwitterListener.java:39)
	at twitter.TwitterListener.&lt;init&gt;(TwitterListener.java:39)
	at twitter.TwitterListener.&lt;init&gt;(TwitterListener.java:39)
	at twitter.TwitterListener.&lt;init&gt;(TwitterListener.java:39)
	at twitter.TwitterListener.&lt;init&gt;(TwitterListener.java:39)
	at twitter.TwitterListener.&lt;init&gt;(TwitterListener.java:39)
	at twitter.TwitterListener.&lt;init&gt;(TwitterListener.java:39)
	at twitter.TwitterListener.&lt;init&gt;(TwitterListener.java:39)
	at twitter.TwitterListener.&lt;init&gt;(TwitterListener.java:39)
	at twitter.TwitterListener.&lt;init&gt;(TwitterListener.java:39)
	at twitter.TwitterListener.&lt;init&gt;(TwitterListener.java:39)
	at twitter.TwitterListener.&lt;init&gt;(TwitterListener.java:39)
	at twitter.TwitterListener.&lt;init&gt;(TwitterListener.java:39)
	at twitter.TwitterListener.&lt;init&gt;(TwitterListener.java:39)
	at twitter.TwitterListener.&lt;init&gt;(TwitterListener.java:39)
	at twitter.TwitterListener.&lt;init&gt;(TwitterListener.java:39)
	at twitter.TwitterListener.&lt;init&gt;(TwitterListener.java:39)
	at twitter.TwitterListener.&lt;init&gt;(TwitterListener.java:39)
	at twitter.TwitterListener.&lt;init&gt;(TwitterListener.java:39)
	at twitter.TwitterListener.&lt;init&gt;(TwitterListener.java:39)
	at twitter.TwitterListener.&lt;init&gt;(TwitterListener.java:39)
	at twitter.TwitterListener.&lt;init&gt;(TwitterListener.java:39)
	at twitter.TwitterListener.&lt;init&gt;(TwitterListener.java:39)
	at twitter.TwitterListener.&lt;init&gt;(TwitterListener.java:39)
	at twitter.TwitterListener.&lt;init&gt;(TwitterListener.java:39)
	at twitter.TwitterListener.&lt;init&gt;(TwitterListener.java:39)
	at twitter.TwitterListener.&lt;init&gt;(TwitterListener.java:39)
	at twitter.TwitterListener.&lt;init&gt;(TwitterListener.java:39)
	at twitter.TwitterListener.&lt;init&gt;(TwitterListener.java:39)
	at twitter.TwitterListener.&lt;init&gt;(TwitterListener.java:39)
	at twitter.TwitterListener.&lt;init&gt;(TwitterListener.java:39)
	at twitter.TwitterListener.&lt;init&gt;(TwitterListener.java:39)
	at twitter.TwitterListener.&lt;init&gt;(TwitterListener.java:39)
	at twitter.TwitterListener.&lt;init&gt;(TwitterListener.java:39)
	at twitter.TwitterListener.&lt;init&gt;(TwitterListener.java:39)
	at twitter.TwitterListener.&lt;init&gt;(TwitterListener.java:39)
	at twitter.TwitterListener.&lt;init&gt;(TwitterListener.java:39)
	at twitter.TwitterListener.&lt;init&gt;(TwitterListener.java:39)
	at twitter.TwitterListener.&lt;init&gt;(TwitterListener.java:39)
	at twitter.TwitterListener.&lt;init&gt;(TwitterListener.java:39)
	at twitter.TwitterListener.&lt;init&gt;(TwitterListener.java:39)
	at twitter.TwitterListener.&lt;init&gt;(TwitterListener.java:39)
	at twitter.TwitterListener.&lt;init&gt;(TwitterListener.java:39)
	at twitter.TwitterListener.&lt;init&gt;(TwitterListener.java:39)
	at twitter.TwitterListener.&lt;init&gt;(TwitterListener.java:39)
	at twitter.TwitterListener.&lt;init&gt;(TwitterListener.java:39)
	at twitter.TwitterListener.&lt;init&gt;(TwitterListener.java:39)
	at twitter.TwitterListener.&lt;init&gt;(TwitterListener.java:39)
	at twitter.TwitterListener.&lt;init&gt;(TwitterListener.java:39)
	at twitter.TwitterListener.&lt;init&gt;(TwitterListener.java:39)
	at twitter.TwitterListener.&lt;init&gt;(TwitterListener.java:39)
	at twitter.TwitterListener.&lt;init&gt;(TwitterListener.java:39)
	at twitter.TwitterListener.&lt;init&gt;(TwitterListener.java:39)
	at twitter.TwitterListener.&lt;init&gt;(TwitterListener.java:39)
	at twitter.TwitterListener.&lt;init&gt;(TwitterListener.java:39)
	at twitter.TwitterListener.&lt;init&gt;(TwitterListener.java:39)
	at twitter.TwitterListener.&lt;init&gt;(TwitterListener.java:39)
	at twitter.TwitterListener.&lt;init&gt;(TwitterListener.java:39)
	at twitter.TwitterListener.&lt;init&gt;(TwitterListener.java:39)
	at twitter.TwitterListener.&lt;init&gt;(TwitterListener.java:39)
	at twitter.TwitterListener.&lt;init&gt;(TwitterListener.java:39)
	at twitter.TwitterListener.&lt;init&gt;(TwitterListener.java:39)
	at twitter.TwitterListener.&lt;init&gt;(TwitterListener.java:39)
	at twitter.TwitterListener.&lt;init&gt;(TwitterListener.java:39)
	at twitter.TwitterListener.&lt;init&gt;(TwitterListener.java:39)
	at twitter.TwitterListener.&lt;init&gt;(TwitterListener.java:39)
	at twitter.TwitterListener.&lt;init&gt;(TwitterListener.java:39)
	at twitter.TwitterListener.&lt;init&gt;(TwitterListener.java:39)
	at twitter.TwitterListener.&lt;init&gt;(TwitterListener.java:39)
	at twitter.TwitterListener.&lt;init&gt;(TwitterListener.java:39)
	at twitter.TwitterListener.&lt;init&gt;(TwitterListener.java:39)
	at twitter.TwitterListener.&lt;init&gt;(TwitterListener.java:39)
	at twitter.TwitterListener.&lt;init&gt;(TwitterListener.java:39)
	at twitter.TwitterListener.&lt;init&gt;(TwitterListener.java:39)
	at twitter.TwitterListener.&lt;init&gt;(TwitterListener.java:39)
	at twitter.TwitterListener.&lt;init&gt;(TwitterListener.java:39)
	at twitter.TwitterListener.&lt;init&gt;(TwitterListener.java:39)
	at twitter.TwitterListener.&lt;init&gt;(TwitterListener.java:39)
	at twitter.TwitterListener.&lt;init&gt;(TwitterListener.java:39)
	at twitter.TwitterListener.&lt;init&gt;(TwitterListener.java:39)
	at twitter.TwitterListener.&lt;init&gt;(TwitterListener.java:39)
	at twitter.TwitterListener.&lt;init&gt;(TwitterListener.java:39)
	at twitter.TwitterListener.&lt;init&gt;(TwitterListener.java:39)
	at twitter.TwitterListener.&lt;init&gt;(TwitterListener.java:39)
	at twitter.TwitterListener.&lt;init&gt;(TwitterListener.java:39)
	at twitter.TwitterListener.&lt;init&gt;(TwitterListener.java:39)
	at twitter.TwitterListener.&lt;init&gt;(TwitterListener.java:39)
	at twitter.TwitterListener.&lt;init&gt;(TwitterListener.java:39)
	at twitter.TwitterListener.&lt;init&gt;(TwitterListener.java:39)
	at twitter.TwitterListener.&lt;init&gt;(TwitterListener.java:39)
	at twitter.TwitterListener.&lt;init&gt;(TwitterListener.java:39)
	at twitter.TwitterListener.&lt;init&gt;(TwitterListener.java:39)
	at twitter.TwitterListener.&lt;init&gt;(TwitterListener.java:39)
	at twitter.TwitterListener.&lt;init&gt;(TwitterListener.java:39)
	at twitter.TwitterListener.&lt;init&gt;(TwitterListener.java:39)
	at twitter.TwitterListener.&lt;init&gt;(TwitterListener.java:39)
	at twitter.TwitterListener.&lt;init&gt;(TwitterListener.java:39)
	at twitter.TwitterListener.&lt;init&gt;(TwitterListener.java:39)
	at twitter.TwitterListener.&lt;init&gt;(TwitterListener.java:39)
	at twitter.TwitterListener.&lt;init&gt;(TwitterListener.java:39)
	at twitter.TwitterListener.&lt;init&gt;(TwitterListener.java:39)
	at twitter.TwitterListener.&lt;init&gt;(TwitterListener.java:39)
	at twitter.TwitterListener.&lt;init&gt;(TwitterListener.java:39)
	at twitter.TwitterListener.&lt;init&gt;(TwitterListener.java:39)
	at twitter.TwitterListener.&lt;init&gt;(TwitterListener.java:39)
	at twitter.TwitterListener.&lt;init&gt;(TwitterListener.java:39)
	at twitter.TwitterListener.&lt;init&gt;(TwitterListener.java:39)
	at twitter.TwitterListener.&lt;init&gt;(TwitterListener.java:39)
	at twitter.TwitterListener.&lt;init&gt;(TwitterListener.java:39)
	at twitter.TwitterListener.&lt;init&gt;(TwitterListener.java:39)
	at twitter.TwitterListener.&lt;init&gt;(TwitterListener.java:39)
	at twitter.TwitterListener.&lt;init&gt;(TwitterListener.java:39)
	at twitter.TwitterListener.&lt;init&gt;(TwitterListener.java:39)
	at twitter.TwitterListener.&lt;init&gt;(TwitterListener.java:39)
	at twitter.TwitterListener.&lt;init&gt;(TwitterListener.java:39)
	at twitter.TwitterListener.&lt;init&gt;(TwitterListener.java:39)
	at twitter.TwitterListener.&lt;init&gt;(TwitterListener.java:39)
	at twitter.TwitterListener.&lt;init&gt;(TwitterListener.java:39)
	at twitter.TwitterListener.&lt;init&gt;(TwitterListener.java:39)
	at twitter.TwitterListener.&lt;init&gt;(TwitterListener.java:39)
	at twitter.TwitterListener.&lt;init&gt;(TwitterListener.java:39)
	at twitter.TwitterListener.&lt;init&gt;(TwitterListener.java:39)
	at twitter.TwitterListener.&lt;init&gt;(TwitterListener.java:39)
	at twitter.TwitterListener.&lt;init&gt;(TwitterListener.java:39)
	at twitter.TwitterListener.&lt;init&gt;(TwitterListener.java:39)
	at twitter.TwitterListener.&lt;init&gt;(TwitterListener.java:39)
	at twitter.TwitterListener.&lt;init&gt;(TwitterListener.java:39)
	at twitter.TwitterListener.&lt;init&gt;(TwitterListener.java:39)
	at twitter.TwitterListener.&lt;init&gt;(TwitterListener.java:39)
	at twitter.TwitterListener.&lt;init&gt;(TwitterListener.java:39)
	at twitter.TwitterListener.&lt;init&gt;(TwitterListener.java:39)
	at twitter.TwitterListener.&lt;init&gt;(TwitterListener.java:39)
	at twitter.TwitterListener.&lt;init&gt;(TwitterListener.java:39)
	at twitter.TwitterListener.&lt;init&gt;(TwitterListener.java:39)
	at twitter.TwitterListener.&lt;init&gt;(TwitterListener.java:39)
	at twitter.TwitterListener.&lt;init&gt;(TwitterListener.java:39)
	at twitter.TwitterListener.&lt;init&gt;(TwitterListener.java:39)
	at twitter.TwitterListener.&lt;init&gt;(TwitterListener.java:39)
	at twitter.TwitterListener.&lt;init&gt;(TwitterListener.java:39)
	at twitter.TwitterListener.&lt;init&gt;(TwitterListener.java:39)
	at twitter.TwitterListener.&lt;init&gt;(TwitterListener.java:39)
	at twitter.TwitterListener.&lt;init&gt;(TwitterListener.java:39)
	at twitter.TwitterListener.&lt;init&gt;(TwitterListener.java:39)
	at twitter.TwitterListener.&lt;init&gt;(TwitterListener.java:39)
	at twitter.TwitterListener.&lt;init&gt;(TwitterListener.java:39)
	at twitter.TwitterListener.&lt;init&gt;(TwitterListener.java:39)
	at twitter.TwitterListener.&lt;init&gt;(TwitterListener.java:39)
	at twitter.TwitterListener.&lt;init&gt;(TwitterListener.java:39)
	at twitter.TwitterListener.&lt;init&gt;(TwitterListener.java:39)
	at twitter.TwitterListener.&lt;init&gt;(TwitterListener.java:39)
	at twitter.TwitterListener.&lt;init&gt;(TwitterListener.java:39)
	at twitter.TwitterListener.&lt;init&gt;(TwitterListener.java:39)
	at twitter.TwitterListener.&lt;init&gt;(TwitterListener.java:39)
	at twitter.TwitterListener.&lt;init&gt;(TwitterListener.java:39)
	at twitter.TwitterListener.&lt;init&gt;(TwitterListener.java:39)
	at twitter.TwitterListener.&lt;init&gt;(TwitterListener.java:39)
	at twitter.TwitterListener.&lt;init&gt;(TwitterListener.java:39)
	at twitter.TwitterListener.&lt;init&gt;(TwitterListener.java:39)
	at twitter.TwitterListener.&lt;init&gt;(TwitterListener.java:39)
	at twitter.TwitterListener.&lt;init&gt;(TwitterListener.java:39)
	at twitter.TwitterListener.&lt;init&gt;(TwitterListener.java:39)
	at twitter.TwitterListener.&lt;init&gt;(TwitterListener.java:39)
	at twitter.TwitterListener.&lt;init&gt;(TwitterListener.java:39)
	at twitter.TwitterListener.&lt;init&gt;(TwitterListener.java:39)
	at twitter.TwitterListener.&lt;init&gt;(TwitterListener.java:39)
	at twitter.TwitterListener.&lt;init&gt;(TwitterListener.java:39)
	at twitter.TwitterListener.&lt;init&gt;(TwitterListener.java:39)
	at twitter.TwitterListener.&lt;init&gt;(TwitterListener.java:39)
	at twitter.TwitterListener.&lt;init&gt;(TwitterListener.java:39)
	at twitter.TwitterListener.&lt;init&gt;(TwitterListener.java:39)
	at twitter.TwitterListener.&lt;init&gt;(TwitterListener.java:39)
	at twitter.TwitterListener.&lt;init&gt;(TwitterListener.java:39)
	at twitter.TwitterListener.&lt;init&gt;(TwitterListener.java:39)
	at twitter.TwitterListener.&lt;init&gt;(TwitterListener.java:39)
	at twitter.TwitterListener.&lt;init&gt;(TwitterListener.java:39)
	at twitter.TwitterListener.&lt;init&gt;(TwitterListener.java:39)
	at twitter.TwitterListener.&lt;init&gt;(TwitterListener.java:39)
	at twitter.TwitterListener.&lt;init&gt;(TwitterListener.java:39)
	at twitter.TwitterListener.&lt;init&gt;(TwitterListener.java:39)
	at twitter.TwitterListener.&lt;init&gt;(TwitterListener.java:39)
	at twitter.TwitterListener.&lt;init&gt;(TwitterListener.java:39)
	at twitter.TwitterListener.&lt;init&gt;(TwitterListener.java:39)
	at twitter.TwitterListener.&lt;init&gt;(TwitterListener.java:39)
	at twitter.TwitterListener.&lt;init&gt;(TwitterListener.java:39)
	at twitter.TwitterListener.&lt;init&gt;(TwitterListener.java:39)
	at twitter.TwitterListener.&lt;init&gt;(TwitterListener.java:39)
	at twitter.TwitterListener.&lt;init&gt;(TwitterListener.java:39)
	at twitter.TwitterListener.&lt;init&gt;(TwitterListener.java:39)
	at twitter.TwitterListener.&lt;init&gt;(TwitterListener.java:39)
	at twitter.TwitterListener.&lt;init&gt;(TwitterListener.java:39)
	at twitter.TwitterListener.&lt;init&gt;(TwitterListener.java:39)
	at twitter.TwitterListener.&lt;init&gt;(TwitterListener.java:39)
	at twitter.TwitterListener.&lt;init&gt;(TwitterListener.java:39)
	at twitter.TwitterListener.&lt;init&gt;(TwitterListener.java:39)
	at twitter.TwitterListener.&lt;init&gt;(TwitterListener.java:39)
	at twitter.TwitterListener.&lt;init&gt;(TwitterListener.java:39)
	at twitter.TwitterListener.&lt;init&gt;(TwitterListener.java:39)
	at twitter.TwitterListener.&lt;init&gt;(TwitterListener.java:39)
	at twitter.TwitterListener.&lt;init&gt;(TwitterListener.java:39)
	at twitter.TwitterListener.&lt;init&gt;(TwitterListener.java:39)
	at twitter.TwitterListener.&lt;init&gt;(TwitterListener.java:39)
	at twitter.TwitterListener.&lt;init&gt;(TwitterListener.java:39)
	at twitter.TwitterListener.&lt;init&gt;(TwitterListener.java:39)
	at twitter.TwitterListener.&lt;init&gt;(TwitterListener.java:39)
	at twitter.TwitterListener.&lt;init&gt;(TwitterListener.java:39)
	at twitter.TwitterListener.&lt;init&gt;(TwitterListener.java:39)
	at twitter.TwitterListener.&lt;init&gt;(TwitterListener.java:39)
	at twitter.TwitterListener.&lt;init&gt;(TwitterListener.java:39)
	at twitter.TwitterListener.&lt;init&gt;(TwitterListener.java:39)
	at twitter.TwitterListener.&lt;init&gt;(TwitterListener.java:39)
	at twitter.TwitterListener.&lt;init&gt;(TwitterListener.java:39)
	at twitter.TwitterListener.&lt;init&gt;(TwitterListener.java:39)
	at twitter.TwitterListener.&lt;init&gt;(TwitterListener.java:39)
	at twitter.TwitterListener.&lt;init&gt;(TwitterListener.java:39)
	at twitter.TwitterListener.&lt;init&gt;(TwitterListener.java:39)
	at twitter.TwitterListener.&lt;init&gt;(TwitterListener.java:39)
	at twitter.TwitterListener.&lt;init&gt;(TwitterListener.java:39)
	at twitter.TwitterListener.&lt;init&gt;(TwitterListener.java:39)
	at twitter.TwitterListener.&lt;init&gt;(TwitterListener.java:39)
	at twitter.TwitterListener.&lt;init&gt;(TwitterListener.java:39)
	at twitter.TwitterListener.&lt;init&gt;(TwitterListener.java:39)
	at twitter.TwitterListener.&lt;init&gt;(TwitterListener.java:39)
	at twitter.TwitterListener.&lt;init&gt;(TwitterListener.java:39)
	at twitter.TwitterListener.&lt;init&gt;(TwitterListener.java:39)
	at twitter.TwitterListener.&lt;init&gt;(TwitterListener.java:39)
	at twitter.TwitterListener.&lt;init&gt;(TwitterListener.java:39)
	at twitter.TwitterListener.&lt;init&gt;(TwitterListener.java:39)
	at twitter.TwitterListener.&lt;init&gt;(TwitterListener.java:39)
	at twitter.TwitterListener.&lt;init&gt;(TwitterListener.java:39)
	at twitter.TwitterListener.&lt;init&gt;(TwitterListener.java:39)
	at twitter.TwitterListener.&lt;init&gt;(TwitterListener.java:39)
	at twitter.TwitterListener.&lt;init&gt;(TwitterListener.java:39)
	at twitter.TwitterListener.&lt;init&gt;(TwitterListener.java:39)
	at twitter.TwitterListener.&lt;init&gt;(TwitterListener.java:39)
	at twitter.TwitterListener.&lt;init&gt;(TwitterListener.java:39)
	at twitter.TwitterListener.&lt;init&gt;(TwitterListener.java:39)
	at twitter.TwitterListener.&lt;init&gt;(TwitterListener.java:39)
	at twitter.TwitterListener.&lt;init&gt;(TwitterListener.java:39)
	at twitter.TwitterListener.&lt;init&gt;(TwitterListener.java:39)
	at twitter.TwitterListener.&lt;init&gt;(TwitterListener.java:39)
	at twitter.TwitterListener.&lt;init&gt;(TwitterListener.java:39)
	at twitter.TwitterListener.&lt;init&gt;(TwitterListener.java:39)
	at twitter.TwitterListener.&lt;init&gt;(TwitterListener.java:39)
	at twitter.TwitterListener.&lt;init&gt;(TwitterListener.java:39)
	at twitter.TwitterListener.&lt;init&gt;(TwitterListener.java:39)
	at twitter.TwitterListener.&lt;init&gt;(TwitterListener.java:39)
	at twitter.TwitterListener.&lt;init&gt;(TwitterListener.java:39)
	at twitter.TwitterListener.&lt;init&gt;(TwitterListener.java:39)
	at twitter.TwitterListener.&lt;init&gt;(TwitterListener.java:39)
	at twitter.TwitterListener.&lt;init&gt;(TwitterListener.java:39)
	at twitter.TwitterListener.&lt;init&gt;(TwitterListener.java:39)
	at twitter.TwitterListener.&lt;init&gt;(TwitterListener.java:39)
	at twitter.TwitterListener.&lt;init&gt;(TwitterListener.java:39)
	at twitter.TwitterListener.&lt;init&gt;(TwitterListener.java:39)
	at twitter.TwitterListener.&lt;init&gt;(TwitterListener.java:39)
	at twitter.TwitterListener.&lt;init&gt;(TwitterListener.java:39)
	at twitter.TwitterListener.&lt;init&gt;(TwitterListener.java:39)
	at twitter.TwitterListener.&lt;init&gt;(TwitterListener.java:39)
	at twitter.TwitterListener.&lt;init&gt;(TwitterListener.java:39)
	at twitter.TwitterListener.&lt;init&gt;(TwitterListener.java:39)
	at twitter.TwitterListener.&lt;init&gt;(TwitterListener.java:39)
	at twitter.TwitterListener.&lt;init&gt;(TwitterListener.java:39)
	at twitter.TwitterListener.&lt;init&gt;(TwitterListener.java:39)
	at twitter.TwitterListener.&lt;init&gt;(TwitterListener.java:39)
	at twitter.TwitterListener.&lt;init&gt;(TwitterListener.java:39)
	at twitter.TwitterListener.&lt;init&gt;(TwitterListener.java:39)
	at twitter.TwitterListener.&lt;init&gt;(TwitterListener.java:39)
	at twitter.TwitterListener.&lt;init&gt;(TwitterListener.java:39)
	at twitter.TwitterListener.&lt;init&gt;(TwitterListener.java:39)
	at twitter.TwitterListener.&lt;init&gt;(TwitterListener.java:39)
	at twitter.TwitterListener.&lt;init&gt;(TwitterListener.java:39)
	at twitter.TwitterListener.&lt;init&gt;(TwitterListener.java:39)
	at twitter.TwitterListener.&lt;init&gt;(TwitterListener.java:39)
	at twitter.TwitterListener.&lt;init&gt;(TwitterListener.java:39)
	at twitter.TwitterListener.&lt;init&gt;(TwitterListener.java:39)
	at twitter.TwitterListener.&lt;init&gt;(TwitterListener.java:39)
	at twitter.TwitterListener.&lt;init&gt;(TwitterListener.java:39)
	at twitter.TwitterListener.&lt;init&gt;(TwitterListener.java:39)
	at twitter.TwitterListener.&lt;init&gt;(TwitterListener.java:39)
	at twitter.TwitterListener.&lt;init&gt;(TwitterListener.java:39)
	at twitter.TwitterListener.&lt;init&gt;(TwitterListener.java:39)
	at twitter.TwitterListener.&lt;init&gt;(TwitterListener.java:39)
	at twitter.TwitterListener.&lt;init&gt;(TwitterListener.java:39)
	at twitter.TwitterListener.&lt;init&gt;(TwitterListener.java:39)
	at twitter.TwitterListener.&lt;init&gt;(TwitterListener.java:39)
	at twitter.TwitterListener.&lt;init&gt;(TwitterListener.java:39)
	at twitter.TwitterListener.&lt;init&gt;(TwitterListener.java:39)
	at twitter.TwitterListener.&lt;init&gt;(TwitterListener.java:39)
	at twitter.TwitterListener.&lt;init&gt;(TwitterListener.java:39)
	at twitter.TwitterListener.&lt;init&gt;(TwitterListener.java:39)
	at twitter.TwitterListener.&lt;init&gt;(TwitterListener.java:39)
	at twitter.TwitterListener.&lt;init&gt;(TwitterListener.java:39)
	at twitter.TwitterListener.&lt;init&gt;(TwitterListener.java:39)
	at twitter.TwitterListener.&lt;init&gt;(TwitterListener.java:39)
	at twitter.TwitterListener.&lt;init&gt;(TwitterListener.java:39)
	at twitter.TwitterListener.&lt;init&gt;(TwitterListener.java:39)
	at twitter.TwitterListener.&lt;init&gt;(TwitterListener.java:39)
	at twitter.TwitterListener.&lt;init&gt;(TwitterListener.java:39)
	at twitter.TwitterListener.&lt;init&gt;(TwitterListener.java:39)
	at twitter.TwitterListener.&lt;init&gt;(TwitterListener.java:39)
	at twitter.TwitterListener.&lt;init&gt;(TwitterListener.java:39)
	at twitter.TwitterListener.&lt;init&gt;(TwitterListener.java:39)
	at twitter.TwitterListener.&lt;init&gt;(TwitterListener.java:39)
	at twitter.TwitterListener.&lt;init&gt;(TwitterListener.java:39)
	at twitter.TwitterListener.&lt;init&gt;(TwitterListener.java:39)
	at twitter.TwitterListener.&lt;init&gt;(TwitterListener.java:39)
	at twitter.TwitterListener.&lt;init&gt;(TwitterListener.java:39)
	at twitter.TwitterListener.&lt;init&gt;(TwitterListener.java:39)
	at twitter.TwitterListener.&lt;init&gt;(TwitterListener.java:39)
	at twitter.TwitterListener.&lt;init&gt;(TwitterListener.java:39)
	at twitter.TwitterListener.&lt;init&gt;(TwitterListener.java:39)
	at twitter.TwitterListener.&lt;init&gt;(TwitterListener.java:39)
	at twitter.TwitterListener.&lt;init&gt;(TwitterListener.java:39)
	at twitter.TwitterListener.&lt;init&gt;(TwitterListener.java:39)
	at twitter.TwitterListener.&lt;init&gt;(TwitterListener.java:39)
	at twitter.TwitterListener.&lt;init&gt;(TwitterListener.java:39)
	at twitter.TwitterListener.&lt;init&gt;(TwitterListener.java:39)
	at twitter.TwitterListener.&lt;init&gt;(TwitterListener.java:39)
	at twitter.TwitterListener.&lt;init&gt;(TwitterListener.java:39)
	at twitter.TwitterListener.&lt;init&gt;(TwitterListener.java:39)
	at twitter.TwitterListener.&lt;init&gt;(TwitterListener.java:39)
	at twitter.TwitterListener.&lt;init&gt;(TwitterListener.java:39)
	at twitter.TwitterListener.&lt;init&gt;(TwitterListener.java:39)
	at twitter.TwitterListener.&lt;init&gt;(TwitterListener.java:39)
	at twitter.TwitterListener.&lt;init&gt;(TwitterListener.java:39)
	at twitter.TwitterListener.&lt;init&gt;(TwitterListener.java:39)
	at twitter.TwitterListener.&lt;init&gt;(TwitterListener.java:39)
	at twitter.TwitterListener.&lt;init&gt;(TwitterListener.java:39)
	at twitter.TwitterListener.&lt;init&gt;(TwitterListener.java:39)
	at twitter.TwitterListener.&lt;init&gt;(TwitterListener.java:39)
	at twitter.TwitterListener.&lt;init&gt;(TwitterListener.java:39)
	at twitter.TwitterListener.&lt;init&gt;(TwitterListener.java:39)
	at twitter.TwitterListener.&lt;init&gt;(TwitterListener.java:39)
	at twitter.TwitterListener.&lt;init&gt;(TwitterListener.java:39)
	at twitter.TwitterListener.&lt;init&gt;(TwitterListener.java:39)
	at twitter.TwitterListener.&lt;init&gt;(TwitterListener.java:39)
	at twitter.TwitterListener.&lt;init&gt;(TwitterListener.java:39)
	at twitter.TwitterListener.&lt;init&gt;(TwitterListener.java:39)
	at twitter.TwitterListener.&lt;init&gt;(TwitterListener.java:39)
	at twitter.TwitterListener.&lt;init&gt;(TwitterListener.java:39)
	at twitter.TwitterListener.&lt;init&gt;(TwitterListener.java:39)
	at twitter.TwitterListener.&lt;init&gt;(TwitterListener.java:39)
	at twitter.TwitterListener.&lt;init&gt;(TwitterListener.java:39)
	at twitter.TwitterListener.&lt;init&gt;(TwitterListener.java:39)
	at twitter.TwitterListener.&lt;init&gt;(TwitterListener.java:39)
	at twitter.TwitterListener.&lt;init&gt;(TwitterListener.java:39)
	at twitter.TwitterListener.&lt;init&gt;(TwitterListener.java:39)
	at twitter.TwitterListener.&lt;init&gt;(TwitterListener.java:39)
	at twitter.TwitterListener.&lt;init&gt;(TwitterListener.java:39)
	at twitter.TwitterListener.&lt;init&gt;(TwitterListener.java:39)
	at twitter.TwitterListener.&lt;init&gt;(TwitterListener.java:39)
	at twitter.TwitterListener.&lt;init&gt;(TwitterListener.java:39)
	at twitter.TwitterListener.&lt;init&gt;(TwitterListener.java:39)
	at twitter.TwitterListener.&lt;init&gt;(TwitterListener.java:39)
	at twitter.TwitterListener.&lt;init&gt;(TwitterListener.java:39)
	at twitter.TwitterListener.&lt;init&gt;(TwitterListener.java:39)
	at twitter.TwitterListener.&lt;init&gt;(TwitterListener.java:39)
	at twitter.TwitterListener.&lt;init&gt;(TwitterListener.java:39)
	at twitter.TwitterListener.&lt;init&gt;(TwitterListener.java:39)
	at twitter.TwitterListener.&lt;init&gt;(TwitterListener.java:39)
	at twitter.TwitterListener.&lt;init&gt;(TwitterListener.java:39)
	at twitter.TwitterListener.&lt;init&gt;(TwitterListener.java:39)
	at twitter.TwitterListener.&lt;init&gt;(TwitterListener.java:39)
	at twitter.TwitterListener.&lt;init&gt;(TwitterListener.java:39)
	at twitter.TwitterListener.&lt;init&gt;(TwitterListener.java:39)
	at twitter.TwitterListener.&lt;init&gt;(TwitterListener.java:39)
	at twitter.TwitterListener.&lt;init&gt;(TwitterListener.java:39)
	at twitter.TwitterListener.&lt;init&gt;(TwitterListener.java:39)
	at twitter.TwitterListener.&lt;init&gt;(TwitterListener.java:39)
	at twitter.TwitterListener.&lt;init&gt;(TwitterListener.java:39)
	at twitter.TwitterListener.&lt;init&gt;(TwitterListener.java:39)
	at twitter.TwitterListener.&lt;init&gt;(TwitterListener.java:39)
	at twitter.TwitterListener.&lt;init&gt;(TwitterListener.java:39)
	at twitter.TwitterListener.&lt;init&gt;(TwitterListener.java:39)
	at twitter.TwitterListener.&lt;init&gt;(TwitterListener.java:39)
	at twitter.TwitterListener.&lt;init&gt;(TwitterListener.java:39)
	at twitter.TwitterListener.&lt;init&gt;(TwitterListener.java:39)
	at twitter.TwitterListener.&lt;init&gt;(TwitterListener.java:39)
	at twitter.TwitterListener.&lt;init&gt;(TwitterListener.java:39)
	at twitter.TwitterListener.&lt;init&gt;(TwitterListener.java:39)
	at twitter.TwitterListener.&lt;init&gt;(TwitterListener.java:39)
	at twitter.TwitterListener.&lt;init&gt;(TwitterListener.java:39)
	at twitter.TwitterListener.&lt;init&gt;(TwitterListener.java:39)
	at twitter.TwitterListener.&lt;init&gt;(TwitterListener.java:39)
	at twitter.TwitterListener.&lt;init&gt;(TwitterListener.java:39)
	at twitter.TwitterListener.&lt;init&gt;(TwitterListener.java:39)
	at twitter.TwitterListener.&lt;init&gt;(TwitterListener.java:39)
	at twitter.TwitterListener.&lt;init&gt;(TwitterListener.java:39)
	at twitter.TwitterListener.&lt;init&gt;(TwitterListener.java:39)
	at twitter.TwitterListener.&lt;init&gt;(TwitterListener.java:39)
	at twitter.TwitterListener.&lt;init&gt;(TwitterListener.java:39)
	at twitter.TwitterListener.&lt;init&gt;(TwitterListener.java:39)
	at twitter.TwitterListener.&lt;init&gt;(TwitterListener.java:39)
	at twitter.TwitterListener.&lt;init&gt;(TwitterListener.java:39)
	at twitter.TwitterListener.&lt;init&gt;(TwitterListener.java:39)
	at twitter.TwitterListener.&lt;init&gt;(TwitterListener.java:39)
	at twitter.TwitterListener.&lt;init&gt;(TwitterListener.java:39)
	at twitter.TwitterListener.&lt;init&gt;(TwitterListener.java:39)
	at twitter.TwitterListener.&lt;init&gt;(TwitterListener.java:39)
	at twitter.TwitterListener.&lt;init&gt;(TwitterListener.java:39)
	at twitter.TwitterListener.&lt;init&gt;(TwitterListener.java:39)
	at twitter.TwitterListener.&lt;init&gt;(TwitterListener.java:39)
	at twitter.TwitterListener.&lt;init&gt;(TwitterListener.java:39)
	at twitter.TwitterListener.&lt;init&gt;(TwitterListener.java:39)
	at twitter.TwitterListener.&lt;init&gt;(TwitterListener.java:39)
	at twitter.TwitterListener.&lt;init&gt;(TwitterListener.java:39)
	at twitter.TwitterListener.&lt;init&gt;(TwitterListener.java:39)
	at twitter.TwitterListener.&lt;init&gt;(TwitterListener.java:39)
	at twitter.TwitterListener.&lt;init&gt;(TwitterListener.java:39)
	at twitter.TwitterListener.&lt;init&gt;(TwitterListener.java:39)
	at twitter.TwitterListener.&lt;init&gt;(TwitterListener.java:39)
	at twitter.TwitterListener.&lt;init&gt;(TwitterListener.java:39)
	at twitter.TwitterListener.&lt;init&gt;(TwitterListener.java:39)
	at twitter.TwitterListener.&lt;init&gt;(TwitterListener.java:39)
	at twitter.TwitterListener.&lt;init&gt;(TwitterListener.java:39)
	at twitter.TwitterListener.&lt;init&gt;(TwitterListener.java:39)
	at twitter.TwitterListener.&lt;init&gt;(TwitterListener.java:39)
	at twitter.TwitterListener.&lt;init&gt;(TwitterListener.java:39)
	at twitter.TwitterListener.&lt;init&gt;(TwitterListener.java:39)
	at twitter.TwitterListener.&lt;init&gt;(TwitterListener.java:39)
	at twitter.TwitterListener.&lt;init&gt;(TwitterListener.java:39)
	at twitter.TwitterListener.&lt;init&gt;(TwitterListener.java:39)
	at twitter.TwitterListener.&lt;init&gt;(TwitterListener.java:39)
	at twitter.TwitterListener.&lt;init&gt;(TwitterListener.java:39)
	at twitter.TwitterListener.&lt;init&gt;(TwitterListener.java:39)
	at twitter.TwitterListener.&lt;init&gt;(TwitterListener.java:39)
	at twitter.TwitterListener.&lt;init&gt;(TwitterListener.java:39)
	at twitter.TwitterListener.&lt;init&gt;(TwitterListener.java:39)
	at twitter.TwitterListener.&lt;init&gt;(TwitterListener.java:39)
	at twitter.TwitterListener.&lt;init&gt;(TwitterListener.java:39)
	at twitter.TwitterListener.&lt;init&gt;(TwitterListener.java:39)
	at twitter.TwitterListener.&lt;init&gt;(TwitterListener.java:39)
	at twitter.TwitterListener.&lt;init&gt;(TwitterListener.java:39)
	at twitter.TwitterListener.&lt;init&gt;(TwitterListener.java:39)
	at twitter.TwitterListener.&lt;init&gt;(TwitterListener.java:39)
	at twitter.TwitterListener.&lt;init&gt;(TwitterListener.java:39)
	at twitter.TwitterListener.&lt;init&gt;(TwitterListener.java:39)
	at twitter.TwitterListener.&lt;init&gt;(TwitterListener.java:39)
	at twitter.TwitterListener.&lt;init&gt;(TwitterListener.java:39)
	at twitter.TwitterListener.&lt;init&gt;(TwitterListener.java:39)
	at twitter.TwitterListener.&lt;init&gt;(TwitterListener.java:39)
	at twitter.TwitterListener.&lt;init&gt;(TwitterListener.java:39)
	at twitter.TwitterListener.&lt;init&gt;(TwitterListener.java:39)
	at twitter.TwitterListener.&lt;init&gt;(TwitterListener.java:39)
	at twitter.TwitterListener.&lt;init&gt;(TwitterListener.java:39)
	at twitter.TwitterListener.&lt;init&gt;(TwitterListener.java:39)
	at twitter.TwitterListener.&lt;init&gt;(TwitterListener.java:39)
	at twitter.TwitterListener.&lt;init&gt;(TwitterListener.java:39)
	at twitter.TwitterListener.&lt;init&gt;(TwitterListener.java:39)
	at twitter.TwitterListener.&lt;init&gt;(TwitterListener.java:39)
	at twitter.TwitterListener.&lt;init&gt;(TwitterListener.java:39)
	at twitter.TwitterListener.&lt;init&gt;(TwitterListener.java:39)
	at twitter.TwitterListener.&lt;init&gt;(TwitterListener.java:39)
	at twitter.TwitterListener.&lt;init&gt;(TwitterListener.java:39)
	at twitter.TwitterListener.&lt;init&gt;(TwitterListener.java:39)
	at twitter.TwitterListener.&lt;init&gt;(TwitterListener.java:39)
	at twitter.TwitterListener.&lt;init&gt;(TwitterListener.java:39)
	at twitter.TwitterListener.&lt;init&gt;(TwitterListener.java:39)
	at twitter.TwitterListener.&lt;init&gt;(TwitterListener.java:39)
	at twitter.TwitterListener.&lt;init&gt;(TwitterListener.java:39)
	at twitter.TwitterListener.&lt;init&gt;(TwitterListener.java:39)
	at twitter.TwitterListener.&lt;init&gt;(TwitterListener.java:39)
	at twitter.TwitterListener.&lt;init&gt;(TwitterListener.java:39)
	at twitter.TwitterListener.&lt;init&gt;(TwitterListener.java:39)
	at twitter.TwitterListener.&lt;init&gt;(TwitterListener.java:39)
	at twitter.TwitterListener.&lt;init&gt;(TwitterListener.java:39)
	at twitter.TwitterListener.&lt;init&gt;(TwitterListener.java:39)
	at twitter.TwitterListener.&lt;init&gt;(TwitterListener.java:39)
	at twitter.TwitterListener.&lt;init&gt;(TwitterListener.java:39)
	at twitter.TwitterListener.&lt;init&gt;(TwitterListener.java:39)
	at twitter.TwitterListener.&lt;init&gt;(TwitterListener.java:39)
	at twitter.TwitterListener.&lt;init&gt;(TwitterListener.java:39)
	at twitter.TwitterListener.&lt;init&gt;(TwitterListener.java:39)
	at twitter.TwitterListener.&lt;init&gt;(TwitterListener.java:39)
	at twitter.TwitterListener.&lt;init&gt;(TwitterListener.java:39)
	at twitter.TwitterListener.&lt;init&gt;(TwitterListener.java:39)
	at twitter.TwitterListener.&lt;init&gt;(TwitterListener.java:39)
	at twitter.TwitterListener.&lt;init&gt;(TwitterListener.java:39)
	at twitter.TwitterListener.&lt;init&gt;(TwitterListener.java:39)
	at twitter.TwitterListener.&lt;init&gt;(TwitterListener.java:39)
	at twitter.TwitterListener.&lt;init&gt;(TwitterListener.java:39)
	at twitter.TwitterListener.&lt;init&gt;(TwitterListener.java:39)
	at twitter.TwitterListener.&lt;init&gt;(TwitterListener.java:39)
	at twitter.TwitterListener.&lt;init&gt;(TwitterListener.java:39)
	at twitter.TwitterListener.&lt;init&gt;(TwitterListener.java:39)
	at twitter.TwitterListener.&lt;init&gt;(TwitterListener.java:39)
	at twitter.TwitterListener.&lt;init&gt;(TwitterListener.java:39)
	at twitter.TwitterListener.&lt;init&gt;(TwitterListener.java:39)
	at twitter.TwitterListener.&lt;init&gt;(TwitterListener.java:39)
	at twitter.TwitterListener.&lt;init&gt;(TwitterListener.java:39)
	at twitter.TwitterListener.&lt;init&gt;(TwitterListener.java:39)
	at twitter.TwitterListener.&lt;init&gt;(TwitterListener.java:39)
	at twitter.TwitterListener.&lt;init&gt;(TwitterListener.java:39)
	at twitter.TwitterListener.&lt;init&gt;(TwitterListener.java:39)
	at twitter.TwitterListener.&lt;init&gt;(TwitterListener.java:39)
	at twitter.TwitterListener.&lt;init&gt;(TwitterListener.java:39)
	at twitter.TwitterListener.&lt;init&gt;(TwitterListener.java:39)
	at twitter.TwitterListener.&lt;init&gt;(TwitterListener.java:39)
	at twitter.TwitterListener.&lt;init&gt;(TwitterListener.java:39)
	at twitter.TwitterListener.&lt;init&gt;(TwitterListener.java:39)
	at twitter.TwitterListener.&lt;init&gt;(TwitterListener.java:39)
	at twitter.TwitterListener.&lt;init&gt;(TwitterListener.java:39)
	at twitter.TwitterListener.&lt;init&gt;(TwitterListener.java:39)
	at twitter.TwitterListener.&lt;init&gt;(TwitterListener.java:39)
	at twitter.TwitterListener.&lt;init&gt;(TwitterListener.java:39)
	at twitter.TwitterListener.&lt;init&gt;(TwitterListener.java:39)
	at twitter.TwitterListener.&lt;init&gt;(TwitterListener.java:39)
	at twitter.TwitterListener.&lt;init&gt;(TwitterListener.java:39)
	at twitter.TwitterListener.&lt;init&gt;(TwitterListener.java:39)
	at twitter.TwitterListener.&lt;init&gt;(TwitterListener.java:39)
	at twitter.TwitterListener.&lt;init&gt;(TwitterListener.java:39)
	at twitter.TwitterListener.&lt;init&gt;(TwitterListener.java:39)
	at twitter.TwitterListener.&lt;init&gt;(TwitterListener.java:39)
	at twitter.TwitterListener.&lt;init&gt;(TwitterListener.java:39)
	at twitter.TwitterListener.&lt;init&gt;(TwitterListener.java:39)
	at twitter.TwitterListener.&lt;init&gt;(TwitterListener.java:39)
	at twitter.TwitterListener.&lt;init&gt;(TwitterListener.java:39)
	at twitter.TwitterListener.&lt;init&gt;(TwitterListener.java:39)
	at twitter.TwitterListener.&lt;init&gt;(TwitterListener.java:39)
	at twitter.TwitterListener.&lt;init&gt;(TwitterListener.java:39)
	at twitter.TwitterListener.&lt;init&gt;(TwitterListener.java:39)
	at twitter.TwitterListener.&lt;init&gt;(TwitterListener.java:39)
	at twitter.TwitterListener.&lt;init&gt;(TwitterListener.java:39)
	at twitter.TwitterListener.&lt;init&gt;(TwitterListener.java:39)
	at twitter.TwitterListener.&lt;init&gt;(TwitterListener.java:39)
	at twitter.TwitterListener.&lt;init&gt;(TwitterListener.java:39)
	at twitter.TwitterListener.&lt;init&gt;(TwitterListener.java:39)
	at twitter.TwitterListener.&lt;init&gt;(TwitterListener.java:39)
	at twitter.TwitterListener.&lt;init&gt;(TwitterListener.java:39)
	at twitter.TwitterListener.&lt;init&gt;(TwitterListener.java:39)
	at twitter.TwitterListener.&lt;init&gt;(TwitterListener.java:39)
	at twitter.TwitterListener.&lt;init&gt;(TwitterListener.java:39)
	at twitter.TwitterListener.&lt;init&gt;(TwitterListener.java:39)
	at twitter.TwitterListener.&lt;init&gt;(TwitterListener.java:39)
	at twitter.TwitterListener.&lt;init&gt;(TwitterListener.java:39)
	at twitter.TwitterListener.&lt;init&gt;(TwitterListener.java:39)
	at twitter.TwitterListener.&lt;init&gt;(TwitterListener.java:39)
	at twitter.TwitterListener.&lt;init&gt;(TwitterListener.java:39)
	at twitter.TwitterListener.&lt;init&gt;(TwitterListener.java:39)
	at twitter.TwitterListener.&lt;init&gt;(TwitterListener.java:39)
	at twitter.TwitterListener.&lt;init&gt;(TwitterListener.java:39)
	at twitter.TwitterListener.&lt;init&gt;(TwitterListener.java:39)
	at twitter.TwitterListener.&lt;init&gt;(TwitterListener.java:39)
	at twitter.TwitterListener.&lt;init&gt;(TwitterListener.java:39)
	at twitter.TwitterListener.&lt;init&gt;(TwitterListener.java:39)
	at twitter.TwitterListener.&lt;init&gt;(TwitterListener.java:39)
	at twitter.TwitterListener.&lt;init&gt;(TwitterListener.java:39)
	at twitter.TwitterListener.&lt;init&gt;(TwitterListener.java:39)
	at twitter.TwitterListener.&lt;init&gt;(TwitterListener.java:39)
	at twitter.TwitterListener.&lt;init&gt;(TwitterListener.java:39)
	at twitter.TwitterListener.&lt;init&gt;(TwitterListener.java:39)
	at twitter.TwitterListener.&lt;init&gt;(TwitterListener.java:39)
	at twitter.TwitterListener.&lt;init&gt;(TwitterListener.java:39)
	at twitter.TwitterListener.&lt;init&gt;(TwitterListener.java:39)
	at twitter.TwitterListener.&lt;init&gt;(TwitterListener.java:39)
	at twitter.TwitterListener.&lt;init&gt;(TwitterListener.java:39)
	at twitter.TwitterListener.&lt;init&gt;(TwitterListener.java:39)
	at twitter.TwitterListener.&lt;init&gt;(TwitterListener.java:39)
	at twitter.TwitterListener.&lt;init&gt;(TwitterListener.java:39)
	at twitter.TwitterListener.&lt;init&gt;(TwitterListener.java:39)
	at twitter.TwitterListener.&lt;init&gt;(TwitterListener.java:39)
	at twitter.TwitterListener.&lt;init&gt;(TwitterListener.java:39)
	at twitter.TwitterListener.&lt;init&gt;(TwitterListener.java:39)
	at twitter.TwitterListener.&lt;init&gt;(TwitterListener.java:39)
	at twitter.TwitterListener.&lt;init&gt;(TwitterListener.java:39)
	at twitter.TwitterListener.&lt;init&gt;(TwitterListener.java:39)
	at twitter.TwitterListener.&lt;init&gt;(TwitterListener.java:39)
	at twitter.TwitterListener.&lt;init&gt;(TwitterListener.java:39)
	at twitter.TwitterListener.&lt;init&gt;(TwitterListener.java:39)
	at twitter.TwitterListener.&lt;init&gt;(TwitterListener.java:39)
	at twitter.TwitterListener.&lt;init&gt;(TwitterListener.java:39)
	at twitter.TwitterListener.&lt;init&gt;(TwitterListener.java:39)
	at twitter.TwitterListener.&lt;init&gt;(TwitterListener.java:39)
	at twitter.TwitterListener.&lt;init&gt;(TwitterListener.java:39)
	at twitter.TwitterListener.&lt;init&gt;(TwitterListener.java:39)
	at twitter.TwitterListener.&lt;init&gt;(TwitterListener.java:39)
	at twitter.TwitterListener.&lt;init&gt;(TwitterListener.java:39)
	at twitter.TwitterListener.&lt;init&gt;(TwitterListener.java:39)
	at twitter.TwitterListener.&lt;init&gt;(TwitterListener.java:39)
	at twitter.TwitterListener.&lt;init&gt;(TwitterListener.java:39)
	at twitter.TwitterListener.&lt;init&gt;(TwitterListener.java:39)
	at twitter.TwitterListener.&lt;init&gt;(TwitterListener.java:39)
	at twitter.TwitterListener.&lt;init&gt;(TwitterListener.java:39)
	at twitter.TwitterListener.&lt;init&gt;(TwitterListener.java:39)
	at twitter.TwitterListener.&lt;init&gt;(TwitterListener.java:39)
	at twitter.TwitterListener.&lt;init&gt;(TwitterListener.java:39)
	at twitter.TwitterListener.&lt;init&gt;(TwitterListener.java:39)
	at twitter.TwitterListener.&lt;init&gt;(TwitterListener.java:39)
	at twitter.TwitterListener.&lt;init&gt;(TwitterListener.java:39)
	at twitter.TwitterListener.&lt;init&gt;(TwitterListener.java:39)
	at twitter.TwitterListener.&lt;init&gt;(TwitterListener.java:39)
	at twitter.TwitterListener.&lt;init&gt;(TwitterListener.java:39)
	at twitter.TwitterListener.&lt;init&gt;(TwitterListener.java:39)
	at twitter.TwitterListener.&lt;init&gt;(TwitterListener.java:39)
	at twitter.TwitterListener.&lt;init&gt;(TwitterListener.java:39)
	at twitter.TwitterListener.&lt;init&gt;(TwitterListener.java:39)
	at twitter.TwitterListener.&lt;init&gt;(TwitterListener.java:39)
	at twitter.TwitterListener.&lt;init&gt;(TwitterListener.java:39)
	at twitter.TwitterListener.&lt;init&gt;(TwitterListener.java:39)
	at twitter.TwitterListener.&lt;init&gt;(TwitterListener.java:39)
	at twitter.TwitterListener.&lt;init&gt;(TwitterListener.java:39)
	at twitter.TwitterListener.&lt;init&gt;(TwitterListener.java:39)
	at twitter.TwitterListener.&lt;init&gt;(TwitterListener.java:39)
	at twitter.TwitterListener.&lt;init&gt;(TwitterListener.java:39)
	at twitter.TwitterListener.&lt;init&gt;(TwitterListener.java:39)
	at twitter.TwitterListener.&lt;init&gt;(TwitterListener.java:39)
	at twitter.TwitterListener.&lt;init&gt;(TwitterListener.java:39)
	at twitter.TwitterListener.&lt;init&gt;(TwitterListener.java:39)
	at twitter.TwitterListener.&lt;init&gt;(TwitterListener.java:39)
	at twitter.TwitterListener.&lt;init&gt;(TwitterListener.java:39)
	at twitter.TwitterListener.&lt;init&gt;(TwitterListener.java:39)
	at twitter.TwitterListener.&lt;init&gt;(TwitterListener.java:39)
	at twitter.TwitterListener.&lt;init&gt;(TwitterListener.java:39)
	at twitter.TwitterListener.&lt;init&gt;(TwitterListener.java:39)
	at twitter.TwitterListener.&lt;init&gt;(TwitterListener.java:39)
	at twitter.TwitterListener.&lt;init&gt;(TwitterListener.java:39)
	at twitter.TwitterListener.&lt;init&gt;(TwitterListener.java:39)
	at twitter.TwitterListener.&lt;init&gt;(TwitterListener.java:39)
	at twitter.TwitterListener.&lt;init&gt;(TwitterListener.java:39)
	at twitter.TwitterListener.&lt;init&gt;(TwitterListener.java:39)
	at twitter.TwitterListener.&lt;init&gt;(TwitterListener.java:39)
	at twitter.TwitterListener.&lt;init&gt;(TwitterListener.java:39)
	at twitter.TwitterListener.&lt;init&gt;(TwitterListener.java:39)
	at twitter.TwitterListener.&lt;init&gt;(TwitterListener.java:39)
	at twitter.TwitterListener.&lt;init&gt;(TwitterListener.java:39)
	at twitter.TwitterListener.&lt;init&gt;(TwitterListener.java:39)
	at twitter.TwitterListener.&lt;init&gt;(TwitterListener.java:39)
	at twitter.TwitterListener.&lt;init&gt;(TwitterListener.java:39)
	at twitter.TwitterListener.&lt;init&gt;(TwitterListener.java:39)
	at twitter.TwitterListener.&lt;init&gt;(TwitterListener.java:39)
	at twitter.TwitterListener.&lt;init&gt;(TwitterListener.java:39)
	at twitter.TwitterListener.&lt;init&gt;(TwitterListener.java:39)
	at twitter.TwitterListener.&lt;init&gt;(TwitterListener.java:39)
	at twitter.TwitterListener.&lt;init&gt;(TwitterListener.java:39)
	at twitter.TwitterListener.&lt;init&gt;(TwitterListener.java:39)
	at twitter.TwitterListener.&lt;init&gt;(TwitterListener.java:39)
	at twitter.TwitterListener.&lt;init&gt;(TwitterListener.java:39)
	at twitter.TwitterListener.&lt;init&gt;(TwitterListener.java:39)
	at twitter.TwitterListener.&lt;init&gt;(TwitterListener.java:39)
	at twitter.TwitterListener.&lt;init&gt;(TwitterListener.java:39)
	at twitter.TwitterListener.&lt;init&gt;(TwitterListener.java:39)
	at twitter.TwitterListener.&lt;init&gt;(TwitterListener.java:39)
	at twitter.TwitterListener.&lt;init&gt;(TwitterListener.java:39)
	at twitter.TwitterListener.&lt;init&gt;(TwitterListener.java:39)
	at twitter.TwitterListener.&lt;init&gt;(TwitterListener.java:39)
	at twitter.TwitterListener.&lt;init&gt;(TwitterListener.java:39)
	at twitter.TwitterListener.&lt;init&gt;(TwitterListener.java:39)
	at twitter.TwitterListener.&lt;init&gt;(TwitterListener.java:39)
	at twitter.TwitterListener.&lt;init&gt;(TwitterListener.java:39)
	at twitter.TwitterListener.&lt;init&gt;(TwitterListener.java:39)
	at twitter.TwitterListener.&lt;init&gt;(TwitterListener.java:39)
	at twitter.TwitterListener.&lt;init&gt;(TwitterListener.java:39)
	at twitter.TwitterListener.&lt;init&gt;(TwitterListener.java:39)
	at twitter.TwitterListener.&lt;init&gt;(TwitterListener.java:39)
	at twitter.TwitterListener.&lt;init&gt;(TwitterListener.java:39)
	at twitter.TwitterListener.&lt;init&gt;(TwitterListener.java:39)
	at twitter.TwitterListener.&lt;init&gt;(TwitterListener.java:39)
	at twitter.TwitterListener.&lt;init&gt;(TwitterListener.java:39)
	at twitter.TwitterListener.&lt;init&gt;(TwitterListener.java:39)
	at twitter.TwitterListener.&lt;init&gt;(TwitterListener.java:39)
	at twitter.TwitterListener.&lt;init&gt;(TwitterListener.java:39)
	at twitter.TwitterListener.&lt;init&gt;(TwitterListener.java:39)
	at twitter.TwitterListener.&lt;init&gt;(TwitterListener.java:39)
	at twitter.TwitterListener.&lt;init&gt;(TwitterListener.java:39)
	at twitter.TwitterListener.&lt;init&gt;(TwitterListener.java:39)
	at twitter.TwitterListener.&lt;init&gt;(TwitterListener.java:39)
	at twitter.TwitterListener.&lt;init&gt;(TwitterListener.java:39)
	at twitter.TwitterListener.&lt;init&gt;(TwitterListener.java:39)
	at twitter.TwitterListener.&lt;init&gt;(TwitterListener.java:39)
	at twitter.TwitterListener.&lt;init&gt;(TwitterListener.java:39)
	at twitter.TwitterListener.&lt;init&gt;(TwitterListener.java:39)
	at twitter.TwitterListener.&lt;init&gt;(TwitterListener.java:39)
	at twitter.TwitterListener.&lt;init&gt;(TwitterListener.java:39)
	at twitter.TwitterListener.&lt;init&gt;(TwitterListener.java:39)
	at twitter.TwitterListener.&lt;init&gt;(TwitterListener.java:39)
	at twitter.TwitterListener.&lt;init&gt;(TwitterListener.java:39)
	at twitter.TwitterListener.&lt;init&gt;(TwitterListener.java:39)
	at twitter.TwitterListener.&lt;init&gt;(TwitterListener.java:39)
	at twitter.TwitterListener.&lt;init&gt;(TwitterListener.java:39)
	at twitter.TwitterListener.&lt;init&gt;(TwitterListener.java:39)
	at twitter.TwitterListener.&lt;init&gt;(TwitterListener.java:39)
	at twitter.TwitterListener.&lt;init&gt;(TwitterListener.java:39)
	at twitter.TwitterListener.&lt;init&gt;(TwitterListener.java:39)
	at twitter.TwitterListener.&lt;init&gt;(TwitterListener.java:39)
	at twitter.TwitterListener.&lt;init&gt;(TwitterListener.java:39)
	at twitter.TwitterListener.&lt;init&gt;(TwitterListener.java:39)
	at twitter.TwitterListener.&lt;init&gt;(TwitterListener.java:39)
	at twitter.TwitterListener.&lt;init&gt;(TwitterListener.java:39)
	at twitter.TwitterListener.&lt;init&gt;(TwitterListener.java:39)
	at twitter.TwitterListener.&lt;init&gt;(TwitterListener.java:39)
	at twitter.TwitterListener.&lt;init&gt;(TwitterListener.java:39)
	at twitter.TwitterListener.&lt;init&gt;(TwitterListener.java:39)
	at twitter.TwitterListener.&lt;init&gt;(TwitterListener.java:39)
	at twitter.TwitterListener.&lt;init&gt;(TwitterListener.java:39)
	at twitter.TwitterListener.&lt;init&gt;(TwitterListener.java:39)
	at twitter.TwitterListener.&lt;init&gt;(TwitterListener.java:39)
	at twitter.TwitterListener.&lt;init&gt;(TwitterListener.java:39)
	at twitter.TwitterListener.&lt;init&gt;(TwitterListener.java:39)
	at twitter.TwitterListener.&lt;init&gt;(TwitterListener.java:39)
	at twitter.TwitterListener.&lt;init&gt;(TwitterListener.java:39)
	at twitter.TwitterListener.&lt;init&gt;(TwitterListener.java:39)
	at twitter.TwitterListener.&lt;init&gt;(TwitterListener.java:39)
	at twitter.TwitterListener.&lt;init&gt;(TwitterListener.java:39)
	at twitter.TwitterListener.&lt;init&gt;(TwitterListener.java:39)
	at twitter.TwitterListener.&lt;init&gt;(TwitterListener.java:39)
	at twitter.TwitterListener.&lt;init&gt;(TwitterListener.java:39)
	at twitter.TwitterListener.&lt;init&gt;(TwitterListener.java:39)
	at twitter.TwitterListener.&lt;init&gt;(TwitterListener.java:39)
	at twitter.TwitterListener.&lt;init&gt;(TwitterListener.java:39)
	at twitter.TwitterListener.&lt;init&gt;(TwitterListener.java:39)
	at twitter.TwitterListener.&lt;init&gt;(TwitterListener.java:39)
	at twitter.TwitterListener.&lt;init&gt;(TwitterListener.java:39)
	at twitter.TwitterListener.&lt;init&gt;(TwitterListener.java:39)
	at twitter.TwitterListener.&lt;init&gt;(TwitterListener.java:39)
	at twitter.TwitterListener.&lt;init&gt;(TwitterListener.java:39)
	at twitter.TwitterListener.&lt;init&gt;(TwitterListener.java:39)
	at twitter.TwitterListener.&lt;init&gt;(TwitterListener.java:39)
	at twitter.TwitterListener.&lt;init&gt;(TwitterListener.java:39)
	at twitter.TwitterListener.&lt;init&gt;(TwitterListener.java:39)
	at twitter.TwitterListener.&lt;init&gt;(TwitterListener.java:39)
	at twitter.TwitterListener.&lt;init&gt;(TwitterListener.java:39)
	at twitter.TwitterListener.&lt;init&gt;(TwitterListener.java:39)
	at twitter.TwitterListener.&lt;init&gt;(TwitterListener.java:39)
	at twitter.TwitterListener.&lt;init&gt;(TwitterListener.java:39)
	at twitter.TwitterListener.&lt;init&gt;(TwitterListener.java:39)
	at twitter.TwitterListener.&lt;init&gt;(TwitterListener.java:39)
	at twitter.TwitterListener.&lt;init&gt;(TwitterListener.java:39)
	at twitter.TwitterListener.&lt;init&gt;(TwitterListener.java:39)
	at twitter.TwitterListener.&lt;init&gt;(TwitterListener.java:39)
	at twitter.TwitterListener.&lt;init&gt;(TwitterListener.java:39)
	at twitter.TwitterListener.&lt;init&gt;(TwitterListener.java:39)
	at twitter.TwitterListener.&lt;init&gt;(TwitterListener.java:39)
</failure>
  </testcase>
  <testcase name="testDoubleFetchRecentTweets()" classname="phemeservice.Task3A" time="0.207">
    <failure message="java.lang.StackOverflowError" type="java.lang.StackOverflowError">java.lang.StackOverflowError
	at java.base/java.lang.Throwable.addSuppressed(Throwable.java:1074)
	at com.fasterxml.jackson.databind.ObjectMapper._readMapAndClose(ObjectMapper.java:4738)
	at com.fasterxml.jackson.databind.ObjectMapper.readValue(ObjectMapper.java:3542)
	at io.github.redouane59.twitter.TwitterClient.getAuthentication(TwitterClient.java:212)
	at twitter.TwitterListener.&lt;init&gt;(TwitterListener.java:38)
	at twitter.TwitterListener.&lt;init&gt;(TwitterListener.java:39)
	at twitter.TwitterListener.&lt;init&gt;(TwitterListener.java:39)
	at twitter.TwitterListener.&lt;init&gt;(TwitterListener.java:39)
	at twitter.TwitterListener.&lt;init&gt;(TwitterListener.java:39)
	at twitter.TwitterListener.&lt;init&gt;(TwitterListener.java:39)
	at twitter.TwitterListener.&lt;init&gt;(TwitterListener.java:39)
	at twitter.TwitterListener.&lt;init&gt;(TwitterListener.java:39)
	at twitter.TwitterListener.&lt;init&gt;(TwitterListener.java:39)
	at twitter.TwitterListener.&lt;init&gt;(TwitterListener.java:39)
	at twitter.TwitterListener.&lt;init&gt;(TwitterListener.java:39)
	at twitter.TwitterListener.&lt;init&gt;(TwitterListener.java:39)
	at twitter.TwitterListener.&lt;init&gt;(TwitterListener.java:39)
	at twitter.TwitterListener.&lt;init&gt;(TwitterListener.java:39)
	at twitter.TwitterListener.&lt;init&gt;(TwitterListener.java:39)
	at twitter.TwitterListener.&lt;init&gt;(TwitterListener.java:39)
	at twitter.TwitterListener.&lt;init&gt;(TwitterListener.java:39)
	at twitter.TwitterListener.&lt;init&gt;(TwitterListener.java:39)
	at twitter.TwitterListener.&lt;init&gt;(TwitterListener.java:39)
	at twitter.TwitterListener.&lt;init&gt;(TwitterListener.java:39)
	at twitter.TwitterListener.&lt;init&gt;(TwitterListener.java:39)
	at twitter.TwitterListener.&lt;init&gt;(TwitterListener.java:39)
	at twitter.TwitterListener.&lt;init&gt;(TwitterListener.java:39)
	at twitter.TwitterListener.&lt;init&gt;(TwitterListener.java:39)
	at twitter.TwitterListener.&lt;init&gt;(TwitterListener.java:39)
	at twitter.TwitterListener.&lt;init&gt;(TwitterListener.java:39)
	at twitter.TwitterListener.&lt;init&gt;(TwitterListener.java:39)
	at twitter.TwitterListener.&lt;init&gt;(TwitterListener.java:39)
	at twitter.TwitterListener.&lt;init&gt;(TwitterListener.java:39)
	at twitter.TwitterListener.&lt;init&gt;(TwitterListener.java:39)
	at twitter.TwitterListener.&lt;init&gt;(TwitterListener.java:39)
	at twitter.TwitterListener.&lt;init&gt;(TwitterListener.java:39)
	at twitter.TwitterListener.&lt;init&gt;(TwitterListener.java:39)
	at twitter.TwitterListener.&lt;init&gt;(TwitterListener.java:39)
	at twitter.TwitterListener.&lt;init&gt;(TwitterListener.java:39)
	at twitter.TwitterListener.&lt;init&gt;(TwitterListener.java:39)
	at twitter.TwitterListener.&lt;init&gt;(TwitterListener.java:39)
	at twitter.TwitterListener.&lt;init&gt;(TwitterListener.java:39)
	at twitter.TwitterListener.&lt;init&gt;(TwitterListener.java:39)
	at twitter.TwitterListener.&lt;init&gt;(TwitterListener.java:39)
	at twitter.TwitterListener.&lt;init&gt;(TwitterListener.java:39)
	at twitter.TwitterListener.&lt;init&gt;(TwitterListener.java:39)
	at twitter.TwitterListener.&lt;init&gt;(TwitterListener.java:39)
	at twitter.TwitterListener.&lt;init&gt;(TwitterListener.java:39)
	at twitter.TwitterListener.&lt;init&gt;(TwitterListener.java:39)
	at twitter.TwitterListener.&lt;init&gt;(TwitterListener.java:39)
	at twitter.TwitterListener.&lt;init&gt;(TwitterListener.java:39)
	at twitter.TwitterListener.&lt;init&gt;(TwitterListener.java:39)
	at twitter.TwitterListener.&lt;init&gt;(TwitterListener.java:39)
	at twitter.TwitterListener.&lt;init&gt;(TwitterListener.java:39)
	at twitter.TwitterListener.&lt;init&gt;(TwitterListener.java:39)
	at twitter.TwitterListener.&lt;init&gt;(TwitterListener.java:39)
	at twitter.TwitterListener.&lt;init&gt;(TwitterListener.java:39)
	at twitter.TwitterListener.&lt;init&gt;(TwitterListener.java:39)
	at twitter.TwitterListener.&lt;init&gt;(TwitterListener.java:39)
	at twitter.TwitterListener.&lt;init&gt;(TwitterListener.java:39)
	at twitter.TwitterListener.&lt;init&gt;(TwitterListener.java:39)
	at twitter.TwitterListener.&lt;init&gt;(TwitterListener.java:39)
	at twitter.TwitterListener.&lt;init&gt;(TwitterListener.java:39)
	at twitter.TwitterListener.&lt;init&gt;(TwitterListener.java:39)
	at twitter.TwitterListener.&lt;init&gt;(TwitterListener.java:39)
	at twitter.TwitterListener.&lt;init&gt;(TwitterListener.java:39)
	at twitter.TwitterListener.&lt;init&gt;(TwitterListener.java:39)
	at twitter.TwitterListener.&lt;init&gt;(TwitterListener.java:39)
	at twitter.TwitterListener.&lt;init&gt;(TwitterListener.java:39)
	at twitter.TwitterListener.&lt;init&gt;(TwitterListener.java:39)
	at twitter.TwitterListener.&lt;init&gt;(TwitterListener.java:39)
	at twitter.TwitterListener.&lt;init&gt;(TwitterListener.java:39)
	at twitter.TwitterListener.&lt;init&gt;(TwitterListener.java:39)
	at twitter.TwitterListener.&lt;init&gt;(TwitterListener.java:39)
	at twitter.TwitterListener.&lt;init&gt;(TwitterListener.java:39)
	at twitter.TwitterListener.&lt;init&gt;(TwitterListener.java:39)
	at twitter.TwitterListener.&lt;init&gt;(TwitterListener.java:39)
	at twitter.TwitterListener.&lt;init&gt;(TwitterListener.java:39)
	at twitter.TwitterListener.&lt;init&gt;(TwitterListener.java:39)
	at twitter.TwitterListener.&lt;init&gt;(TwitterListener.java:39)
	at twitter.TwitterListener.&lt;init&gt;(TwitterListener.java:39)
	at twitter.TwitterListener.&lt;init&gt;(TwitterListener.java:39)
	at twitter.TwitterListener.&lt;init&gt;(TwitterListener.java:39)
	at twitter.TwitterListener.&lt;init&gt;(TwitterListener.java:39)
	at twitter.TwitterListener.&lt;init&gt;(TwitterListener.java:39)
	at twitter.TwitterListener.&lt;init&gt;(TwitterListener.java:39)
	at twitter.TwitterListener.&lt;init&gt;(TwitterListener.java:39)
	at twitter.TwitterListener.&lt;init&gt;(TwitterListener.java:39)
	at twitter.TwitterListener.&lt;init&gt;(TwitterListener.java:39)
	at twitter.TwitterListener.&lt;init&gt;(TwitterListener.java:39)
	at twitter.TwitterListener.&lt;init&gt;(TwitterListener.java:39)
	at twitter.TwitterListener.&lt;init&gt;(TwitterListener.java:39)
	at twitter.TwitterListener.&lt;init&gt;(TwitterListener.java:39)
	at twitter.TwitterListener.&lt;init&gt;(TwitterListener.java:39)
	at twitter.TwitterListener.&lt;init&gt;(TwitterListener.java:39)
	at twitter.TwitterListener.&lt;init&gt;(TwitterListener.java:39)
	at twitter.TwitterListener.&lt;init&gt;(TwitterListener.java:39)
	at twitter.TwitterListener.&lt;init&gt;(TwitterListener.java:39)
	at twitter.TwitterListener.&lt;init&gt;(TwitterListener.java:39)
	at twitter.TwitterListener.&lt;init&gt;(TwitterListener.java:39)
	at twitter.TwitterListener.&lt;init&gt;(TwitterListener.java:39)
	at twitter.TwitterListener.&lt;init&gt;(TwitterListener.java:39)
	at twitter.TwitterListener.&lt;init&gt;(TwitterListener.java:39)
	at twitter.TwitterListener.&lt;init&gt;(TwitterListener.java:39)
	at twitter.TwitterListener.&lt;init&gt;(TwitterListener.java:39)
	at twitter.TwitterListener.&lt;init&gt;(TwitterListener.java:39)
	at twitter.TwitterListener.&lt;init&gt;(TwitterListener.java:39)
	at twitter.TwitterListener.&lt;init&gt;(TwitterListener.java:39)
	at twitter.TwitterListener.&lt;init&gt;(TwitterListener.java:39)
	at twitter.TwitterListener.&lt;init&gt;(TwitterListener.java:39)
	at twitter.TwitterListener.&lt;init&gt;(TwitterListener.java:39)
	at twitter.TwitterListener.&lt;init&gt;(TwitterListener.java:39)
	at twitter.TwitterListener.&lt;init&gt;(TwitterListener.java:39)
	at twitter.TwitterListener.&lt;init&gt;(TwitterListener.java:39)
	at twitter.TwitterListener.&lt;init&gt;(TwitterListener.java:39)
	at twitter.TwitterListener.&lt;init&gt;(TwitterListener.java:39)
	at twitter.TwitterListener.&lt;init&gt;(TwitterListener.java:39)
	at twitter.TwitterListener.&lt;init&gt;(TwitterListener.java:39)
	at twitter.TwitterListener.&lt;init&gt;(TwitterListener.java:39)
	at twitter.TwitterListener.&lt;init&gt;(TwitterListener.java:39)
	at twitter.TwitterListener.&lt;init&gt;(TwitterListener.java:39)
	at twitter.TwitterListener.&lt;init&gt;(TwitterListener.java:39)
	at twitter.TwitterListener.&lt;init&gt;(TwitterListener.java:39)
	at twitter.TwitterListener.&lt;init&gt;(TwitterListener.java:39)
	at twitter.TwitterListener.&lt;init&gt;(TwitterListener.java:39)
	at twitter.TwitterListener.&lt;init&gt;(TwitterListener.java:39)
	at twitter.TwitterListener.&lt;init&gt;(TwitterListener.java:39)
	at twitter.TwitterListener.&lt;init&gt;(TwitterListener.java:39)
	at twitter.TwitterListener.&lt;init&gt;(TwitterListener.java:39)
	at twitter.TwitterListener.&lt;init&gt;(TwitterListener.java:39)
	at twitter.TwitterListener.&lt;init&gt;(TwitterListener.java:39)
	at twitter.TwitterListener.&lt;init&gt;(TwitterListener.java:39)
	at twitter.TwitterListener.&lt;init&gt;(TwitterListener.java:39)
	at twitter.TwitterListener.&lt;init&gt;(TwitterListener.java:39)
	at twitter.TwitterListener.&lt;init&gt;(TwitterListener.java:39)
	at twitter.TwitterListener.&lt;init&gt;(TwitterListener.java:39)
	at twitter.TwitterListener.&lt;init&gt;(TwitterListener.java:39)
	at twitter.TwitterListener.&lt;init&gt;(TwitterListener.java:39)
	at twitter.TwitterListener.&lt;init&gt;(TwitterListener.java:39)
	at twitter.TwitterListener.&lt;init&gt;(TwitterListener.java:39)
	at twitter.TwitterListener.&lt;init&gt;(TwitterListener.java:39)
	at twitter.TwitterListener.&lt;init&gt;(TwitterListener.java:39)
	at twitter.TwitterListener.&lt;init&gt;(TwitterListener.java:39)
	at twitter.TwitterListener.&lt;init&gt;(TwitterListener.java:39)
	at twitter.TwitterListener.&lt;init&gt;(TwitterListener.java:39)
	at twitter.TwitterListener.&lt;init&gt;(TwitterListener.java:39)
	at twitter.TwitterListener.&lt;init&gt;(TwitterListener.java:39)
	at twitter.TwitterListener.&lt;init&gt;(TwitterListener.java:39)
	at twitter.TwitterListener.&lt;init&gt;(TwitterListener.java:39)
	at twitter.TwitterListener.&lt;init&gt;(TwitterListener.java:39)
	at twitter.TwitterListener.&lt;init&gt;(TwitterListener.java:39)
	at twitter.TwitterListener.&lt;init&gt;(TwitterListener.java:39)
	at twitter.TwitterListener.&lt;init&gt;(TwitterListener.java:39)
	at twitter.TwitterListener.&lt;init&gt;(TwitterListener.java:39)
	at twitter.TwitterListener.&lt;init&gt;(TwitterListener.java:39)
	at twitter.TwitterListener.&lt;init&gt;(TwitterListener.java:39)
	at twitter.TwitterListener.&lt;init&gt;(TwitterListener.java:39)
	at twitter.TwitterListener.&lt;init&gt;(TwitterListener.java:39)
	at twitter.TwitterListener.&lt;init&gt;(TwitterListener.java:39)
	at twitter.TwitterListener.&lt;init&gt;(TwitterListener.java:39)
	at twitter.TwitterListener.&lt;init&gt;(TwitterListener.java:39)
	at twitter.TwitterListener.&lt;init&gt;(TwitterListener.java:39)
	at twitter.TwitterListener.&lt;init&gt;(TwitterListener.java:39)
	at twitter.TwitterListener.&lt;init&gt;(TwitterListener.java:39)
	at twitter.TwitterListener.&lt;init&gt;(TwitterListener.java:39)
	at twitter.TwitterListener.&lt;init&gt;(TwitterListener.java:39)
	at twitter.TwitterListener.&lt;init&gt;(TwitterListener.java:39)
	at twitter.TwitterListener.&lt;init&gt;(TwitterListener.java:39)
	at twitter.TwitterListener.&lt;init&gt;(TwitterListener.java:39)
	at twitter.TwitterListener.&lt;init&gt;(TwitterListener.java:39)
	at twitter.TwitterListener.&lt;init&gt;(TwitterListener.java:39)
[...]
	at twitter.TwitterListener.&lt;init&gt;(TwitterListener.java:39)
	at twitter.TwitterListener.&lt;init&gt;(TwitterListener.java:39)
	at twitter.TwitterListener.&lt;init&gt;(TwitterListener.java:39)
	at twitter.TwitterListener.&lt;init&gt;(TwitterListener.java:39)
	at twitter.TwitterListener.&lt;init&gt;(TwitterListener.java:39)
	at twitter.TwitterListener.&lt;init&gt;(TwitterListener.java:39)
	at twitter.TwitterListener.&lt;init&gt;(TwitterListener.java:39)
	at twitter.TwitterListener.&lt;init&gt;(TwitterListener.java:39)
	at twitter.TwitterListener.&lt;init&gt;(TwitterListener.java:39)
	at twitter.TwitterListener.&lt;init&gt;(TwitterListener.java:39)
	at twitter.TwitterListener.&lt;init&gt;(TwitterListener.java:39)
	at twitter.TwitterListener.&lt;init&gt;(TwitterListener.java:39)
	at twitter.TwitterListener.&lt;init&gt;(TwitterListener.java:39)
	at twitter.TwitterListener.&lt;init&gt;(TwitterListener.java:39)
	at twitter.TwitterListener.&lt;init&gt;(TwitterListener.java:39)
	at twitter.TwitterListener.&lt;init&gt;(TwitterListener.java:39)
	at twitter.TwitterListener.&lt;init&gt;(TwitterListener.java:39)
	at twitter.TwitterListener.&lt;init&gt;(TwitterListener.java:39)
	at twitter.TwitterListener.&lt;init&gt;(TwitterListener.java:39)
	at twitter.TwitterListener.&lt;init&gt;(TwitterListener.java:39)
	at twitter.TwitterListener.&lt;init&gt;(TwitterListener.java:39)
	at twitter.TwitterListener.&lt;init&gt;(TwitterListener.java:39)
	at twitter.TwitterListener.&lt;init&gt;(TwitterListener.java:39)
	at twitter.TwitterListener.&lt;init&gt;(TwitterListener.java:39)
	at twitter.TwitterListener.&lt;init&gt;(TwitterListener.java:39)
	at twitter.TwitterListener.&lt;init&gt;(TwitterListener.java:39)
	at twitter.TwitterListener.&lt;init&gt;(TwitterListener.java:39)
	at twitter.TwitterListener.&lt;init&gt;(TwitterListener.java:39)
	at twitter.TwitterListener.&lt;init&gt;(TwitterListener.java:39)
	at twitter.TwitterListener.&lt;init&gt;(TwitterListener.java:39)
	at twitter.TwitterListener.&lt;init&gt;(TwitterListener.java:39)
	at twitter.TwitterListener.&lt;init&gt;(TwitterListener.java:39)
	at twitter.TwitterListener.&lt;init&gt;(TwitterListener.java:39)
	at twitter.TwitterListener.&lt;init&gt;(TwitterListener.java:39)
	at twitter.TwitterListener.&lt;init&gt;(TwitterListener.java:39)
	at twitter.TwitterListener.&lt;init&gt;(TwitterListener.java:39)
	at twitter.TwitterListener.&lt;init&gt;(TwitterListener.java:39)
	at twitter.TwitterListener.&lt;init&gt;(TwitterListener.java:39)
	at twitter.TwitterListener.&lt;init&gt;(TwitterListener.java:39)
	at twitter.TwitterListener.&lt;init&gt;(TwitterListener.java:39)
	at twitter.TwitterListener.&lt;init&gt;(TwitterListener.java:39)
	at twitter.TwitterListener.&lt;init&gt;(TwitterListener.java:39)
	at twitter.TwitterListener.&lt;init&gt;(TwitterListener.java:39)
	at twitter.TwitterListener.&lt;init&gt;(TwitterListener.java:39)
	at twitter.TwitterListener.&lt;init&gt;(TwitterListener.java:39)
	at twitter.TwitterListener.&lt;init&gt;(TwitterListener.java:39)
	at twitter.TwitterListener.&lt;init&gt;(TwitterListener.java:39)
	at twitter.TwitterListener.&lt;init&gt;(TwitterListener.java:39)
	at twitter.TwitterListener.&lt;init&gt;(TwitterListener.java:39)
	at twitter.TwitterListener.&lt;init&gt;(TwitterListener.java:39)
	at twitter.TwitterListener.&lt;init&gt;(TwitterListener.java:39)
	at twitter.TwitterListener.&lt;init&gt;(TwitterListener.java:39)
	at twitter.TwitterListener.&lt;init&gt;(TwitterListener.java:39)
	at twitter.TwitterListener.&lt;init&gt;(TwitterListener.java:39)
	at twitter.TwitterListener.&lt;init&gt;(TwitterListener.java:39)
	at twitter.TwitterListener.&lt;init&gt;(TwitterListener.java:39)
	at twitter.TwitterListener.&lt;init&gt;(TwitterListener.java:39)
	at twitter.TwitterListener.&lt;init&gt;(TwitterListener.java:39)
	at twitter.TwitterListener.&lt;init&gt;(TwitterListener.java:39)
	at twitter.TwitterListener.&lt;init&gt;(TwitterListener.java:39)
	at twitter.TwitterListener.&lt;init&gt;(TwitterListener.java:39)
	at twitter.TwitterListener.&lt;init&gt;(TwitterListener.java:39)
	at twitter.TwitterListener.&lt;init&gt;(TwitterListener.java:39)
	at twitter.TwitterListener.&lt;init&gt;(TwitterListener.java:39)
	at twitter.TwitterListener.&lt;init&gt;(TwitterListener.java:39)
	at twitter.TwitterListener.&lt;init&gt;(TwitterListener.java:39)
	at twitter.TwitterListener.&lt;init&gt;(TwitterListener.java:39)
	at twitter.TwitterListener.&lt;init&gt;(TwitterListener.java:39)
	at twitter.TwitterListener.&lt;init&gt;(TwitterListener.java:39)
	at twitter.TwitterListener.&lt;init&gt;(TwitterListener.java:39)
	at twitter.TwitterListener.&lt;init&gt;(TwitterListener.java:39)
	at twitter.TwitterListener.&lt;init&gt;(TwitterListener.java:39)
	at twitter.TwitterListener.&lt;init&gt;(TwitterListener.java:39)
	at twitter.TwitterListener.&lt;init&gt;(TwitterListener.java:39)
	at twitter.TwitterListener.&lt;init&gt;(TwitterListener.java:39)
	at twitter.TwitterListener.&lt;init&gt;(TwitterListener.java:39)
	at twitter.TwitterListener.&lt;init&gt;(TwitterListener.java:39)
	at twitter.TwitterListener.&lt;init&gt;(TwitterListener.java:39)
	at twitter.TwitterListener.&lt;init&gt;(TwitterListener.java:39)
	at twitter.TwitterListener.&lt;init&gt;(TwitterListener.java:39)
	at twitter.TwitterListener.&lt;init&gt;(TwitterListener.java:39)
	at twitter.TwitterListener.&lt;init&gt;(TwitterListener.java:39)
	at twitter.TwitterListener.&lt;init&gt;(TwitterListener.java:39)
	at twitter.TwitterListener.&lt;init&gt;(TwitterListener.java:39)
	at twitter.TwitterListener.&lt;init&gt;(TwitterListener.java:39)
	at twitter.TwitterListener.&lt;init&gt;(TwitterListener.java:39)
	at twitter.TwitterListener.&lt;init&gt;(TwitterListener.java:39)
	at twitter.TwitterListener.&lt;init&gt;(TwitterListener.java:39)
	at twitter.TwitterListener.&lt;init&gt;(TwitterListener.java:39)
	at twitter.TwitterListener.&lt;init&gt;(TwitterListener.java:39)
	at twitter.TwitterListener.&lt;init&gt;(TwitterListener.java:39)
	at twitter.TwitterListener.&lt;init&gt;(TwitterListener.java:39)
	at twitter.TwitterListener.&lt;init&gt;(TwitterListener.java:39)
	at twitter.TwitterListener.&lt;init&gt;(TwitterListener.java:39)
	at twitter.TwitterListener.&lt;init&gt;(TwitterListener.java:39)
	at twitter.TwitterListener.&lt;init&gt;(TwitterListener.java:39)
	at twitter.TwitterListener.&lt;init&gt;(TwitterListener.java:39)
	at twitter.TwitterListener.&lt;init&gt;(TwitterListener.java:39)
	at twitter.TwitterListener.&lt;init&gt;(TwitterListener.java:39)
	at twitter.TwitterListener.&lt;init&gt;(TwitterListener.java:39)
	at twitter.TwitterListener.&lt;init&gt;(TwitterListener.java:39)
	at twitter.TwitterListener.&lt;init&gt;(TwitterListener.java:39)
	at twitter.TwitterListener.&lt;init&gt;(TwitterListener.java:39)
	at twitter.TwitterListener.&lt;init&gt;(TwitterListener.java:39)
	at twitter.TwitterListener.&lt;init&gt;(TwitterListener.java:39)
	at twitter.TwitterListener.&lt;init&gt;(TwitterListener.java:39)
	at twitter.TwitterListener.&lt;init&gt;(TwitterListener.java:39)
	at twitter.TwitterListener.&lt;init&gt;(TwitterListener.java:39)
	at twitter.TwitterListener.&lt;init&gt;(TwitterListener.java:39)
	at twitter.TwitterListener.&lt;init&gt;(TwitterListener.java:39)
	at twitter.TwitterListener.&lt;init&gt;(TwitterListener.java:39)
	at twitter.TwitterListener.&lt;init&gt;(TwitterListener.java:39)
	at twitter.TwitterListener.&lt;init&gt;(TwitterListener.java:39)
	at twitter.TwitterListener.&lt;init&gt;(TwitterListener.java:39)
	at twitter.TwitterListener.&lt;init&gt;(TwitterListener.java:39)
	at twitter.TwitterListener.&lt;init&gt;(TwitterListener.java:39)
	at twitter.TwitterListener.&lt;init&gt;(TwitterListener.java:39)
	at twitter.TwitterListener.&lt;init&gt;(TwitterListener.java:39)
	at twitter.TwitterListener.&lt;init&gt;(TwitterListener.java:39)
	at twitter.TwitterListener.&lt;init&gt;(TwitterListener.java:39)
	at twitter.TwitterListener.&lt;init&gt;(TwitterListener.java:39)
	at twitter.TwitterListener.&lt;init&gt;(TwitterListener.java:39)
	at twitter.TwitterListener.&lt;init&gt;(TwitterListener.java:39)
	at twitter.TwitterListener.&lt;init&gt;(TwitterListener.java:39)
	at twitter.TwitterListener.&lt;init&gt;(TwitterListener.java:39)
	at twitter.TwitterListener.&lt;init&gt;(TwitterListener.java:39)
	at twitter.TwitterListener.&lt;init&gt;(TwitterListener.java:39)
	at twitter.TwitterListener.&lt;init&gt;(TwitterListener.java:39)
	at twitter.TwitterListener.&lt;init&gt;(TwitterListener.java:39)
	at twitter.TwitterListener.&lt;init&gt;(TwitterListener.java:39)
	at twitter.TwitterListener.&lt;init&gt;(TwitterListener.java:39)
	at twitter.TwitterListener.&lt;init&gt;(TwitterListener.java:39)
	at twitter.TwitterListener.&lt;init&gt;(TwitterListener.java:39)
	at twitter.TwitterListener.&lt;init&gt;(TwitterListener.java:39)
	at twitter.TwitterListener.&lt;init&gt;(TwitterListener.java:39)
	at twitter.TwitterListener.&lt;init&gt;(TwitterListener.java:39)
	at twitter.TwitterListener.&lt;init&gt;(TwitterListener.java:39)
	at twitter.TwitterListener.&lt;init&gt;(TwitterListener.java:39)
	at twitter.TwitterListener.&lt;init&gt;(TwitterListener.java:39)
	at twitter.TwitterListener.&lt;init&gt;(TwitterListener.java:39)
	at twitter.TwitterListener.&lt;init&gt;(TwitterListener.java:39)
	at twitter.TwitterListener.&lt;init&gt;(TwitterListener.java:39)
	at twitter.TwitterListener.&lt;init&gt;(TwitterListener.java:39)
	at twitter.TwitterListener.&lt;init&gt;(TwitterListener.java:39)
	at twitter.TwitterListener.&lt;init&gt;(TwitterListener.java:39)
	at twitter.TwitterListener.&lt;init&gt;(TwitterListener.java:39)
	at twitter.TwitterListener.&lt;init&gt;(TwitterListener.java:39)
	at twitter.TwitterListener.&lt;init&gt;(TwitterListener.java:39)
	at twitter.TwitterListener.&lt;init&gt;(TwitterListener.java:39)
	at twitter.TwitterListener.&lt;init&gt;(TwitterListener.java:39)
	at twitter.TwitterListener.&lt;init&gt;(TwitterListener.java:39)
	at twitter.TwitterListener.&lt;init&gt;(TwitterListener.java:39)
	at twitter.TwitterListener.&lt;init&gt;(TwitterListener.java:39)
	at twitter.TwitterListener.&lt;init&gt;(TwitterListener.java:39)
	at twitter.TwitterListener.&lt;init&gt;(TwitterListener.java:39)
	at twitter.TwitterListener.&lt;init&gt;(TwitterListener.java:39)
	at twitter.TwitterListener.&lt;init&gt;(TwitterListener.java:39)
	at twitter.TwitterListener.&lt;init&gt;(TwitterListener.java:39)
	at twitter.TwitterListener.&lt;init&gt;(TwitterListener.java:39)
	at twitter.TwitterListener.&lt;init&gt;(TwitterListener.java:39)
	at twitter.TwitterListener.&lt;init&gt;(TwitterListener.java:39)
	at twitter.TwitterListener.&lt;init&gt;(TwitterListener.java:39)
	at twitter.TwitterListener.&lt;init&gt;(TwitterListener.java:39)
	at twitter.TwitterListener.&lt;init&gt;(TwitterListener.java:39)
	at twitter.TwitterListener.&lt;init&gt;(TwitterListener.java:39)
	at twitter.TwitterListener.&lt;init&gt;(TwitterListener.java:39)
	at twitter.TwitterListener.&lt;init&gt;(TwitterListener.java:39)
	at twitter.TwitterListener.&lt;init&gt;(TwitterListener.java:39)
	at twitter.TwitterListener.&lt;init&gt;(TwitterListener.java:39)
	at twitter.TwitterListener.&lt;init&gt;(TwitterListener.java:39)
	at twitter.TwitterListener.&lt;init&gt;(TwitterListener.java:39)
	at twitter.TwitterListener.&lt;init&gt;(TwitterListener.java:39)
	at twitter.TwitterListener.&lt;init&gt;(TwitterListener.java:39)
	at twitter.TwitterListener.&lt;init&gt;(TwitterListener.java:39)
	at twitter.TwitterListener.&lt;init&gt;(TwitterListener.java:39)
	at twitter.TwitterListener.&lt;init&gt;(TwitterListener.java:39)
	at twitter.TwitterListener.&lt;init&gt;(TwitterListener.java:39)
	at twitter.TwitterListener.&lt;init&gt;(TwitterListener.java:39)
	at twitter.TwitterListener.&lt;init&gt;(TwitterListener.java:39)
	at twitter.TwitterListener.&lt;init&gt;(TwitterListener.java:39)
	at twitter.TwitterListener.&lt;init&gt;(TwitterListener.java:39)
	at twitter.TwitterListener.&lt;init&gt;(TwitterListener.java:39)
	at twitter.TwitterListener.&lt;init&gt;(TwitterListener.java:39)
	at twitter.TwitterListener.&lt;init&gt;(TwitterListener.java:39)
	at twitter.TwitterListener.&lt;init&gt;(TwitterListener.java:39)
	at twitter.TwitterListener.&lt;init&gt;(TwitterListener.java:39)
	at twitter.TwitterListener.&lt;init&gt;(TwitterListener.java:39)
	at twitter.TwitterListener.&lt;init&gt;(TwitterListener.java:39)
	at twitter.TwitterListener.&lt;init&gt;(TwitterListener.java:39)
	at twitter.TwitterListener.&lt;init&gt;(TwitterListener.java:39)
	at twitter.TwitterListener.&lt;init&gt;(TwitterListener.java:39)
	at twitter.TwitterListener.&lt;init&gt;(TwitterListener.java:39)
	at twitter.TwitterListener.&lt;init&gt;(TwitterListener.java:39)
	at twitter.TwitterListener.&lt;init&gt;(TwitterListener.java:39)
	at twitter.TwitterListener.&lt;init&gt;(TwitterListener.java:39)
	at twitter.TwitterListener.&lt;init&gt;(TwitterListener.java:39)
	at twitter.TwitterListener.&lt;init&gt;(TwitterListener.java:39)
	at twitter.TwitterListener.&lt;init&gt;(TwitterListener.java:39)
	at twitter.TwitterListener.&lt;init&gt;(TwitterListener.java:39)
	at twitter.TwitterListener.&lt;init&gt;(TwitterListener.java:39)
	at twitter.TwitterListener.&lt;init&gt;(TwitterListener.java:39)
	at twitter.TwitterListener.&lt;init&gt;(TwitterListener.java:39)
	at twitter.TwitterListener.&lt;init&gt;(TwitterListener.java:39)
	at twitter.TwitterListener.&lt;init&gt;(TwitterListener.java:39)
	at twitter.TwitterListener.&lt;init&gt;(TwitterListener.java:39)
	at twitter.TwitterListener.&lt;init&gt;(TwitterListener.java:39)
	at twitter.TwitterListener.&lt;init&gt;(TwitterListener.java:39)
	at twitter.TwitterListener.&lt;init&gt;(TwitterListener.java:39)
	at twitter.TwitterListener.&lt;init&gt;(TwitterListener.java:39)
	at twitter.TwitterListener.&lt;init&gt;(TwitterListener.java:39)
	at twitter.TwitterListener.&lt;init&gt;(TwitterListener.java:39)
	at twitter.TwitterListener.&lt;init&gt;(TwitterListener.java:39)
	at twitter.TwitterListener.&lt;init&gt;(TwitterListener.java:39)
	at twitter.TwitterListener.&lt;init&gt;(TwitterListener.java:39)
	at twitter.TwitterListener.&lt;init&gt;(TwitterListener.java:39)
	at twitter.TwitterListener.&lt;init&gt;(TwitterListener.java:39)
	at twitter.TwitterListener.&lt;init&gt;(TwitterListener.java:39)
	at twitter.TwitterListener.&lt;init&gt;(TwitterListener.java:39)
	at twitter.TwitterListener.&lt;init&gt;(TwitterListener.java:39)
	at twitter.TwitterListener.&lt;init&gt;(TwitterListener.java:39)
	at twitter.TwitterListener.&lt;init&gt;(TwitterListener.java:39)
	at twitter.TwitterListener.&lt;init&gt;(TwitterListener.java:39)
	at twitter.TwitterListener.&lt;init&gt;(TwitterListener.java:39)
	at twitter.TwitterListener.&lt;init&gt;(TwitterListener.java:39)
	at twitter.TwitterListener.&lt;init&gt;(TwitterListener.java:39)
	at twitter.TwitterListener.&lt;init&gt;(TwitterListener.java:39)
	at twitter.TwitterListener.&lt;init&gt;(TwitterListener.java:39)
	at twitter.TwitterListener.&lt;init&gt;(TwitterListener.java:39)
	at twitter.TwitterListener.&lt;init&gt;(TwitterListener.java:39)
	at twitter.TwitterListener.&lt;init&gt;(TwitterListener.java:39)
	at twitter.TwitterListener.&lt;init&gt;(TwitterListener.java:39)
	at twitter.TwitterListener.&lt;init&gt;(TwitterListener.java:39)
	at twitter.TwitterListener.&lt;init&gt;(TwitterListener.java:39)
	at twitter.TwitterListener.&lt;init&gt;(TwitterListener.java:39)
	at twitter.TwitterListener.&lt;init&gt;(TwitterListener.java:39)
	at twitter.TwitterListener.&lt;init&gt;(TwitterListener.java:39)
	at twitter.TwitterListener.&lt;init&gt;(TwitterListener.java:39)
	at twitter.TwitterListener.&lt;init&gt;(TwitterListener.java:39)
	at twitter.TwitterListener.&lt;init&gt;(TwitterListener.java:39)
	at twitter.TwitterListener.&lt;init&gt;(TwitterListener.java:39)
	at twitter.TwitterListener.&lt;init&gt;(TwitterListener.java:39)
	at twitter.TwitterListener.&lt;init&gt;(TwitterListener.java:39)
	at twitter.TwitterListener.&lt;init&gt;(TwitterListener.java:39)
	at twitter.TwitterListener.&lt;init&gt;(TwitterListener.java:39)
	at twitter.TwitterListener.&lt;init&gt;(TwitterListener.java:39)
	at twitter.TwitterListener.&lt;init&gt;(TwitterListener.java:39)
	at twitter.TwitterListener.&lt;init&gt;(TwitterListener.java:39)
	at twitter.TwitterListener.&lt;init&gt;(TwitterListener.java:39)
	at twitter.TwitterListener.&lt;init&gt;(TwitterListener.java:39)
	at twitter.TwitterListener.&lt;init&gt;(TwitterListener.java:39)
	at twitter.TwitterListener.&lt;init&gt;(TwitterListener.java:39)
	at twitter.TwitterListener.&lt;init&gt;(TwitterListener.java:39)
	at twitter.TwitterListener.&lt;init&gt;(TwitterListener.java:39)
	at twitter.TwitterListener.&lt;init&gt;(TwitterListener.java:39)
	at twitter.TwitterListener.&lt;init&gt;(TwitterListener.java:39)
	at twitter.TwitterListener.&lt;init&gt;(TwitterListener.java:39)
	at twitter.TwitterListener.&lt;init&gt;(TwitterListener.java:39)
	at twitter.TwitterListener.&lt;init&gt;(TwitterListener.java:39)
	at twitter.TwitterListener.&lt;init&gt;(TwitterListener.java:39)
	at twitter.TwitterListener.&lt;init&gt;(TwitterListener.java:39)
	at twitter.TwitterListener.&lt;init&gt;(TwitterListener.java:39)
	at twitter.TwitterListener.&lt;init&gt;(TwitterListener.java:39)
	at twitter.TwitterListener.&lt;init&gt;(TwitterListener.java:39)
	at twitter.TwitterListener.&lt;init&gt;(TwitterListener.java:39)
	at twitter.TwitterListener.&lt;init&gt;(TwitterListener.java:39)
	at twitter.TwitterListener.&lt;init&gt;(TwitterListener.java:39)
	at twitter.TwitterListener.&lt;init&gt;(TwitterListener.java:39)
	at twitter.TwitterListener.&lt;init&gt;(TwitterListener.java:39)
	at twitter.TwitterListener.&lt;init&gt;(TwitterListener.java:39)
	at twitter.TwitterListener.&lt;init&gt;(TwitterListener.java:39)
	at twitter.TwitterListener.&lt;init&gt;(TwitterListener.java:39)
	at twitter.TwitterListener.&lt;init&gt;(TwitterListener.java:39)
	at twitter.TwitterListener.&lt;init&gt;(TwitterListener.java:39)
	at twitter.TwitterListener.&lt;init&gt;(TwitterListener.java:39)
	at twitter.TwitterListener.&lt;init&gt;(TwitterListener.java:39)
	at twitter.TwitterListener.&lt;init&gt;(TwitterListener.java:39)
	at twitter.TwitterListener.&lt;init&gt;(TwitterListener.java:39)
	at twitter.TwitterListener.&lt;init&gt;(TwitterListener.java:39)
	at twitter.TwitterListener.&lt;init&gt;(TwitterListener.java:39)
	at twitter.TwitterListener.&lt;init&gt;(TwitterListener.java:39)
	at twitter.TwitterListener.&lt;init&gt;(TwitterListener.java:39)
	at twitter.TwitterListener.&lt;init&gt;(TwitterListener.java:39)
	at twitter.TwitterListener.&lt;init&gt;(TwitterListener.java:39)
	at twitter.TwitterListener.&lt;init&gt;(TwitterListener.java:39)
	at twitter.TwitterListener.&lt;init&gt;(TwitterListener.java:39)
	at twitter.TwitterListener.&lt;init&gt;(TwitterListener.java:39)
	at twitter.TwitterListener.&lt;init&gt;(TwitterListener.java:39)
	at twitter.TwitterListener.&lt;init&gt;(TwitterListener.java:39)
	at twitter.TwitterListener.&lt;init&gt;(TwitterListener.java:39)
	at twitter.TwitterListener.&lt;init&gt;(TwitterListener.java:39)
	at twitter.TwitterListener.&lt;init&gt;(TwitterListener.java:39)
	at twitter.TwitterListener.&lt;init&gt;(TwitterListener.java:39)
	at twitter.TwitterListener.&lt;init&gt;(TwitterListener.java:39)
	at twitter.TwitterListener.&lt;init&gt;(TwitterListener.java:39)
	at twitter.TwitterListener.&lt;init&gt;(TwitterListener.java:39)
	at twitter.TwitterListener.&lt;init&gt;(TwitterListener.java:39)
	at twitter.TwitterListener.&lt;init&gt;(TwitterListener.java:39)
	at twitter.TwitterListener.&lt;init&gt;(TwitterListener.java:39)
</failure>
  </testcase>
  <system-out><![CDATA[]]></system-out>
  <system-err><![CDATA[SLF4J: Failed to load class "org.slf4j.impl.StaticLoggerBinder".
SLF4J: Defaulting to no-operation (NOP) logger implementation
SLF4J: See http://www.slf4j.org/codes.html#StaticLoggerBinder for further details.
]]></system-err>
</testsuite>
